<?xml version="1.0" encoding="UTF-8"?>
<!-- Generated by org.testng.reporters.JUnitXMLReporter -->
<testsuite ignored="10" hostname="runnervmh13bl" failures="0" tests="9" name="Surefire test" time="8.728" errors="0" timestamp="2025-12-19T17:51:26 UTC">
  <testcase classname="com.example.teamcity.api.ProjectTest" name="userCreatesProjectWithEmptyIdTest" time="1.132"/>
  <testcase classname="com.example.teamcity.api.ProjectTest" name="userCreatesProjectWithMalformattedIdTest" time="0.35"/>
  <testcase classname="com.example.teamcity.api.ProjectTest" name="userCreatesTwoProjectsWithTheSameIdTest" time="1.092"/>
  <testcase classname="com.example.teamcity.api.ProjectTest" name="userCreatesTwoProjectsWithTheSameNameTest" time="0.477"/>
  <testcase classname="com.example.teamcity.api.ProjectTest" name="userShouldBeAbleCreateProjectTest" time="0.481"/>
  <testcase classname="com.example.teamcity.api.BuildTypeTest" name="projectAdminCreatesBuildTypeForAnotherUserProjectTest" time="0.756"/>
  <testcase classname="com.example.teamcity.api.BuildTypeTest" name="projectAdminCreatesBuildTypeForTheirProjectTest" time="1.177"/>
  <testcase classname="com.example.teamcity.api.BuildTypeTest" name="userCreatesBuildTypeTest" time="0.456"/>
  <testcase classname="com.example.teamcity.api.BuildTypeTest" name="userCreatesTwoBuildTypesWithTheSameIdTest" time="0.497"/>
  <testcase classname="com.example.teamcity.api.BaseApiTest" name="@AfterSuite cleanUpServerAuthSettings" time="0.0">
    <ignored/>
  </testcase> <!-- @AfterSuite cleanUpServerAuthSettings -->
  <testcase classname="com.example.teamcity.api.BaseApiTest" name="@AfterSuite cleanUpServerAuthSettings" time="0.0">
    <ignored/>
  </testcase> <!-- @AfterSuite cleanUpServerAuthSettings -->
  <testcase classname="com.example.teamcity.api.BaseApiTest" name="@AfterSuite cleanUpServerAuthSettings" time="0.0">
    <ignored/>
  </testcase> <!-- @AfterSuite cleanUpServerAuthSettings -->
  <testcase classname="com.example.teamcity.api.DummyTest" name="userShouldBeAbleGetAllProjects" time="0.0">
    <ignored/>
  </testcase> <!-- userShouldBeAbleGetAllProjects -->
  <testcase classname="com.example.teamcity.api.BaseApiTest" name="@AfterSuite cleanUpServerAuthSettings" time="0.0">
    <ignored/>
  </testcase> <!-- @AfterSuite cleanUpServerAuthSettings -->
  <testcase classname="com.example.teamcity.api.DummyTestCheckAuth" name="dummyTestCheckAuth" time="0.0">
    <ignored/>
  </testcase> <!-- dummyTestCheckAuth -->
  <testcase classname="com.example.teamcity.api.BaseApiTest" name="@BeforeSuite setUpServerAuthSettings" time="0.0">
    <ignored/>
  </testcase> <!-- @BeforeSuite setUpServerAuthSettings -->
  <testcase classname="com.example.teamcity.api.BaseApiTest" name="@BeforeSuite setUpServerAuthSettings" time="0.0">
    <ignored/>
  </testcase> <!-- @BeforeSuite setUpServerAuthSettings -->
  <testcase classname="com.example.teamcity.api.BaseApiTest" name="@BeforeSuite setUpServerAuthSettings" time="0.0">
    <ignored/>
  </testcase> <!-- @BeforeSuite setUpServerAuthSettings -->
  <testcase classname="com.example.teamcity.api.BaseApiTest" name="@BeforeSuite setUpServerAuthSettings" time="0.0">
    <ignored/>
  </testcase> <!-- @BeforeSuite setUpServerAuthSettings -->
</testsuite> <!-- Surefire test -->
