<?xml version="1.0" encoding="UTF-8"?>
<!-- Generated by org.testng.reporters.JUnitXMLReporter -->
<testsuite ignored="4" hostname="runnervmh13bl" failures="0" tests="4" name="Surefire test" time="95.088" errors="0" timestamp="2025-12-19T17:52:12 UTC">
  <testcase classname="com.example.teamcity.ui.CreateBuildTest" name="userCreatesBuildConfiguration" time="55.589"/>
  <testcase classname="com.example.teamcity.ui.CreateBuildTest" name="userCreatesBuildConfigurationWithoutProject" time="12.592"/>
  <testcase classname="com.example.teamcity.ui.CreateProjectTest" name="userCreatesProject" time="14.92"/>
  <testcase classname="com.example.teamcity.ui.CreateProjectTest" name="userCreatesProjectWithoutName" time="10.474"/>
  <testcase classname="com.example.teamcity.ui.BaseUiTest" name="@BeforeSuite setupUiTest" time="0.0">
    <ignored/>
  </testcase> <!-- @BeforeSuite setupUiTest -->
  <testcase classname="com.example.teamcity.ui.BaseUiTest" name="@BeforeSuite setupUiTest" time="0.0">
    <ignored/>
  </testcase> <!-- @BeforeSuite setupUiTest -->
  <testcase classname="com.example.teamcity.ui.SetupServerTest" name="setupTeamCityServerTest" time="0.0">
    <ignored/>
  </testcase> <!-- setupTeamCityServerTest -->
  <testcase classname="com.example.teamcity.ui.BaseUiTest" name="@BeforeSuite setupUiTest" time="0.0">
    <ignored/>
  </testcase> <!-- @BeforeSuite setupUiTest -->
</testsuite> <!-- Surefire test -->
