<?xml version="1.0" encoding="UTF-8"?>
<testng-results ignored="0" total="4" passed="4" failed="0" skipped="0">
  <reporter-output>
  </reporter-output>
  <suite started-at="2025-12-19T17:50:36 UTC" name="Surefire suite" finished-at="2025-12-19T17:52:12 UTC" duration-ms="95088">
    <groups>
      <group name="Negative">
        <method signature="CreateBuildTest.userCreatesBuildConfigurationWithoutProject()[pri:0, instance:com.example.teamcity.ui.CreateBuildTest@2df3c564]" name="userCreatesBuildConfigurationWithoutProject" class="com.example.teamcity.ui.CreateBuildTest"/>
        <method signature="CreateProjectTest.userCreatesProjectWithoutName()[pri:0, instance:com.example.teamcity.ui.CreateProjectTest@6fd1660]" name="userCreatesProjectWithoutName" class="com.example.teamcity.ui.CreateProjectTest"/>
      </group> <!-- Negative -->
      <group name="Positive">
        <method signature="CreateBuildTest.userCreatesBuildConfiguration()[pri:0, instance:com.example.teamcity.ui.CreateBuildTest@2df3c564]" name="userCreatesBuildConfiguration" class="com.example.teamcity.ui.CreateBuildTest"/>
        <method signature="CreateProjectTest.userCreatesProject()[pri:0, instance:com.example.teamcity.ui.CreateProjectTest@6fd1660]" name="userCreatesProject" class="com.example.teamcity.ui.CreateProjectTest"/>
      </group> <!-- Positive -->
      <group name="Regression">
        <method signature="CreateBuildTest.userCreatesBuildConfiguration()[pri:0, instance:com.example.teamcity.ui.CreateBuildTest@2df3c564]" name="userCreatesBuildConfiguration" class="com.example.teamcity.ui.CreateBuildTest"/>
        <method signature="CreateBuildTest.userCreatesBuildConfigurationWithoutProject()[pri:0, instance:com.example.teamcity.ui.CreateBuildTest@2df3c564]" name="userCreatesBuildConfigurationWithoutProject" class="com.example.teamcity.ui.CreateBuildTest"/>
        <method signature="CreateProjectTest.userCreatesProject()[pri:0, instance:com.example.teamcity.ui.CreateProjectTest@6fd1660]" name="userCreatesProject" class="com.example.teamcity.ui.CreateProjectTest"/>
        <method signature="CreateProjectTest.userCreatesProjectWithoutName()[pri:0, instance:com.example.teamcity.ui.CreateProjectTest@6fd1660]" name="userCreatesProjectWithoutName" class="com.example.teamcity.ui.CreateProjectTest"/>
      </group> <!-- Regression -->
    </groups>
    <test started-at="2025-12-19T17:50:36 UTC" name="Surefire test" finished-at="2025-12-19T17:52:12 UTC" duration-ms="95088">
      <class name="com.example.teamcity.ui.CreateProjectTest">
        <test-method is-config="true" signature="beforeTest()[pri:0, instance:com.example.teamcity.ui.CreateProjectTest@6fd1660]" started-at="2025-12-19T17:51:46 UTC" name="beforeTest" finished-at="2025-12-19T17:51:46 UTC" duration-ms="4" status="PASS">
          <reporter-output>
          </reporter-output>
        </test-method> <!-- beforeTest -->
        <test-method signature="userCreatesProject()[pri:0, instance:com.example.teamcity.ui.CreateProjectTest@6fd1660]" started-at="2025-12-19T17:51:46 UTC" name="userCreatesProject" description="User should be able to create project" finished-at="2025-12-19T17:52:01 UTC" duration-ms="14920" status="PASS">
          <reporter-output>
          </reporter-output>
        </test-method> <!-- userCreatesProject -->
        <test-method is-config="true" signature="closeWebDriver()[pri:0, instance:com.example.teamcity.ui.CreateProjectTest@6fd1660]" started-at="2025-12-19T17:52:01 UTC" name="closeWebDriver" finished-at="2025-12-19T17:52:01 UTC" duration-ms="63" status="PASS">
          <reporter-output>
          </reporter-output>
        </test-method> <!-- closeWebDriver -->
        <test-method is-config="true" signature="afterTest()[pri:0, instance:com.example.teamcity.ui.CreateProjectTest@6fd1660]" started-at="2025-12-19T17:52:01 UTC" name="afterTest" finished-at="2025-12-19T17:52:01 UTC" duration-ms="135" status="PASS">
          <reporter-output>
          </reporter-output>
        </test-method> <!-- afterTest -->
        <test-method is-config="true" signature="beforeTest()[pri:0, instance:com.example.teamcity.ui.CreateProjectTest@6fd1660]" started-at="2025-12-19T17:52:01 UTC" name="beforeTest" finished-at="2025-12-19T17:52:01 UTC" duration-ms="6" status="PASS">
          <reporter-output>
          </reporter-output>
        </test-method> <!-- beforeTest -->
        <test-method signature="userCreatesProjectWithoutName()[pri:0, instance:com.example.teamcity.ui.CreateProjectTest@6fd1660]" started-at="2025-12-19T17:52:01 UTC" name="userCreatesProjectWithoutName" description="User should not be able to create project without name" finished-at="2025-12-19T17:52:11 UTC" duration-ms="10474" status="PASS">
          <reporter-output>
          </reporter-output>
        </test-method> <!-- userCreatesProjectWithoutName -->
        <test-method is-config="true" signature="closeWebDriver()[pri:0, instance:com.example.teamcity.ui.CreateProjectTest@6fd1660]" started-at="2025-12-19T17:52:11 UTC" name="closeWebDriver" finished-at="2025-12-19T17:52:11 UTC" duration-ms="62" status="PASS">
          <reporter-output>
          </reporter-output>
        </test-method> <!-- closeWebDriver -->
        <test-method is-config="true" signature="afterTest()[pri:0, instance:com.example.teamcity.ui.CreateProjectTest@6fd1660]" started-at="2025-12-19T17:52:11 UTC" name="afterTest" finished-at="2025-12-19T17:52:12 UTC" duration-ms="144" status="PASS">
          <reporter-output>
          </reporter-output>
        </test-method> <!-- afterTest -->
      </class> <!-- com.example.teamcity.ui.CreateProjectTest -->
      <class name="com.example.teamcity.ui.CreateBuildTest">
        <test-method is-config="true" signature="beforeTest()[pri:0, instance:com.example.teamcity.ui.CreateBuildTest@2df3c564]" started-at="2025-12-19T17:50:37 UTC" name="beforeTest" finished-at="2025-12-19T17:50:37 UTC" duration-ms="40" status="PASS">
          <reporter-output>
          </reporter-output>
        </test-method> <!-- beforeTest -->
        <test-method signature="userCreatesBuildConfiguration()[pri:0, instance:com.example.teamcity.ui.CreateBuildTest@2df3c564]" started-at="2025-12-19T17:50:37 UTC" name="userCreatesBuildConfiguration" description="User should be able to create build configuration" finished-at="2025-12-19T17:51:32 UTC" duration-ms="55589" status="PASS">
          <reporter-output>
          </reporter-output>
        </test-method> <!-- userCreatesBuildConfiguration -->
        <test-method is-config="true" signature="closeWebDriver()[pri:0, instance:com.example.teamcity.ui.CreateBuildTest@2df3c564]" started-at="2025-12-19T17:51:32 UTC" name="closeWebDriver" finished-at="2025-12-19T17:51:32 UTC" duration-ms="71" status="PASS">
          <reporter-output>
          </reporter-output>
        </test-method> <!-- closeWebDriver -->
        <test-method is-config="true" signature="afterTest()[pri:0, instance:com.example.teamcity.ui.CreateBuildTest@2df3c564]" started-at="2025-12-19T17:51:32 UTC" name="afterTest" finished-at="2025-12-19T17:51:33 UTC" duration-ms="378" status="PASS">
          <reporter-output>
          </reporter-output>
        </test-method> <!-- afterTest -->
        <test-method is-config="true" signature="beforeTest()[pri:0, instance:com.example.teamcity.ui.CreateBuildTest@2df3c564]" started-at="2025-12-19T17:51:33 UTC" name="beforeTest" finished-at="2025-12-19T17:51:33 UTC" duration-ms="12" status="PASS">
          <reporter-output>
          </reporter-output>
        </test-method> <!-- beforeTest -->
        <test-method signature="userCreatesBuildConfigurationWithoutProject()[pri:0, instance:com.example.teamcity.ui.CreateBuildTest@2df3c564]" started-at="2025-12-19T17:51:33 UTC" name="userCreatesBuildConfigurationWithoutProject" description="User should not be able to create build without name" finished-at="2025-12-19T17:51:45 UTC" duration-ms="12592" status="PASS">
          <reporter-output>
          </reporter-output>
        </test-method> <!-- userCreatesBuildConfigurationWithoutProject -->
        <test-method is-config="true" signature="closeWebDriver()[pri:0, instance:com.example.teamcity.ui.CreateBuildTest@2df3c564]" started-at="2025-12-19T17:51:45 UTC" name="closeWebDriver" finished-at="2025-12-19T17:51:45 UTC" duration-ms="72" status="PASS">
          <reporter-output>
          </reporter-output>
        </test-method> <!-- closeWebDriver -->
        <test-method is-config="true" signature="afterTest()[pri:0, instance:com.example.teamcity.ui.CreateBuildTest@2df3c564]" started-at="2025-12-19T17:51:45 UTC" name="afterTest" finished-at="2025-12-19T17:51:46 UTC" duration-ms="248" status="PASS">
          <reporter-output>
          </reporter-output>
        </test-method> <!-- afterTest -->
      </class> <!-- com.example.teamcity.ui.CreateBuildTest -->
      <class name="com.example.teamcity.ui.BaseUiTest">
        <test-method is-config="true" signature="setupUiTest()[pri:0, instance:com.example.teamcity.ui.BaseUiTest@723ed581]" started-at="2025-12-19T17:50:36 UTC" name="setupUiTest" finished-at="2025-12-19T17:50:36 UTC" duration-ms="39" status="PASS">
          <reporter-output>
          </reporter-output>
        </test-method> <!-- setupUiTest -->
      </class> <!-- com.example.teamcity.ui.BaseUiTest -->
    </test> <!-- Surefire test -->
  </suite> <!-- Surefire suite -->
</testng-results>
