<?xml version="1.0" encoding="UTF-8"?>
<testsuite xmlns:xsi="http://www.w3.org/2001/XMLSchema-instance" xsi:noNamespaceSchemaLocation="https://maven.apache.org/surefire/maven-surefire-plugin/xsd/surefire-test-report-3.0.xsd" version="3.0" name="TestSuite" time="14.217" tests="9" errors="0" skipped="0" failures="0">
  <properties>
[...]
</properties>
  <testcase name="userCreatesProjectWithEmptyIdTest" classname="com.example.teamcity.api.ProjectTest" time="1.173">
    <system-out><![CDATA[Request method:	GET
Request URI:	http://172.17.0.1:8111/app/rest/server/authSettings
Proxy:			<none>
Request params:	<none>
Query params:	<none>
Form params:	<none>
Path params:	<none>
Headers:		Accept=application/json, application/javascript, text/javascript, text/json
				Content-Type=application/json
Cookies:		<none>
Multiparts:		<none>
Body:			<none>
HTTP/1.1 200 
TeamCity-Node-Id: MAIN_SERVER
Set-Cookie: TCSESSIONID=8C99CAE03B935FAB972412EB7BD20A77; Path=/; HttpOnly
Set-Cookie: RecentLogin=; Max-Age=10; Expires=Fri, 19 Dec 2025 17:51:26 GMT; Path=/
Set-Cookie: RememberMe=; Max-Age=0; Expires=Thu, 01 Jan 1970 00:00:10 GMT; Path=/; HttpOnly
Cache-Control: no-store
Content-Type: application/json
Transfer-Encoding: chunked
Date: Fri, 19 Dec 2025 17:51:15 GMT
Keep-Alive: timeout=60
Connection: keep-alive

{
    "allowGuest": false,
    "guestUsername": "guest",
    "collapseLoginForm": false,
    "perProjectPermissions": false,
    "emailVerification": false,
    "modules": {
        "module": [
            {
                "name": "Default",
                "properties": {
                    "property": [
                        {
                            "name": "usersCanResetOwnPasswords",
                            "value": "true"
                        },
                        {
                            "name": "usersCanChangeOwnPasswords",
                            "value": "true"
                        },
                        {
                            "name": "freeRegistrationAllowed",
                            "value": "false"
                        }
                    ],
                    "count": 3
                }
            },
            {
                "name": "Token-Auth",
                "properties": {
                    "property": [
                        
                    ],
                    "count": 0
                }
            },
            {
                "name": "HTTP-Basic",
                "properties": {
                    "property": [
                        
                    ],
                    "count": 0
                }
            }
        ]
    }
}
Request method:	PUT
Request URI:	http://172.17.0.1:8111/app/rest/server/authSettings
Proxy:			<none>
Request params:	<none>
Query params:	<none>
Form params:	<none>
Path params:	<none>
Headers:		Accept=application/json, application/javascript, text/javascript, text/json
				Content-Type=application/json
Cookies:		<none>
Multiparts:		<none>
Body:
{
    "perProjectPermissions": true,
    "modules": {
        "module": [
            {
                "name": "HTTP-Basic"
            }
        ]
    }
}
HTTP/1.1 200 
TeamCity-Node-Id: MAIN_SERVER
Set-Cookie: TCSESSIONID=58BB029DE09757EF3C9189BBE7336D9C; Path=/; HttpOnly
Set-Cookie: RecentLogin=; Max-Age=10; Expires=Fri, 19 Dec 2025 17:51:27 GMT; Path=/
Set-Cookie: RememberMe=; Max-Age=0; Expires=Thu, 01 Jan 1970 00:00:10 GMT; Path=/; HttpOnly
Cache-Control: no-store
Content-Type: application/json
Transfer-Encoding: chunked
Date: Fri, 19 Dec 2025 17:51:17 GMT
Keep-Alive: timeout=60
Connection: keep-alive

{
    "allowGuest": false,
    "guestUsername": "guest",
    "collapseLoginForm": false,
    "perProjectPermissions": true,
    "emailVerification": false,
    "modules": {
        "module": [
            {
                "name": "HTTP-Basic",
                "properties": {
                    "property": [
                        
                    ],
                    "count": 0
                }
            }
        ]
    }
}
Request method:	POST
Request URI:	http://172.17.0.1:8111/app/rest/users
Proxy:			<none>
Request params:	<none>
Query params:	<none>
Form params:	<none>
Path params:	<none>
Headers:		Accept=application/json, application/javascript, text/javascript, text/json
				Content-Type=application/json
Cookies:		<none>
Multiparts:		<none>
Body:
{
    "id": null,
    "username": "test_NTPZqRMkYc",
    "password": "test_bBROvxLsFp",
    "roles": {
        "role": [
            {
                "roleId": "SYSTEM_ADMIN",
                "scope": "g"
            }
        ]
    }
}
HTTP/1.1 200 
TeamCity-Node-Id: MAIN_SERVER
Set-Cookie: TCSESSIONID=FB3F8EEA568D8B1C343BDF0B14EC344F; Path=/; HttpOnly
Set-Cookie: RecentLogin=; Max-Age=10; Expires=Fri, 19 Dec 2025 17:51:27 GMT; Path=/
Set-Cookie: RememberMe=; Max-Age=0; Expires=Thu, 01 Jan 1970 00:00:10 GMT; Path=/; HttpOnly
Cache-Control: no-store
Content-Type: application/json
Transfer-Encoding: chunked
Date: Fri, 19 Dec 2025 17:51:18 GMT
Keep-Alive: timeout=60
Connection: keep-alive

{
    "username": "test_ntpzqrmkyc",
    "id": 1,
    "href": "/app/rest/users/id:1",
    "properties": {
        "property": [
            {
                "name": "addTriggeredBuildToFavorites",
                "value": "true"
            },
            {
                "name": "plugin:vcs:anyVcs:anyVcsRoot",
                "value": "test_NTPZqRMkYc"
            },
            {
                "name": "teamcity.server.buildNumber",
                "value": "147412"
            }
        ],
        "count": 3,
        "href": "/app/rest/users/id:1/properties"
    },
    "roles": {
        "role": [
            {
                "roleId": "SYSTEM_ADMIN",
                "scope": "g",
                "href": "/app/rest/users/id:1/roles/SYSTEM_ADMIN/g"
            }
        ]
    },
    "groups": {
        "count": 1,
        "group": [
            {
                "key": "ALL_USERS_GROUP",
                "name": "All Users",
                "href": "/app/rest/userGroups/key:ALL_USERS_GROUP",
                "description": "Contains all TeamCity users"
            }
        ]
    }
}
Request method:	POST
Request URI:	http://172.17.0.1:8111/app/rest/projects
Proxy:			<none>
Request params:	<none>
Query params:	<none>
Form params:	<none>
Path params:	<none>
Headers:		Accept=application/json, application/javascript, text/javascript, text/json
				Content-Type=application/json
Cookies:		<none>
Multiparts:		<none>
Body:
{
    "id": "",
    "name": "test_PdROzPgEBS",
    "locator": null
}
HTTP/1.1 500 
TeamCity-Node-Id: MAIN_SERVER
Set-Cookie: TCSESSIONID=01121EAB3774B33D9097E8F333736E8B; Path=/; HttpOnly
Set-Cookie: RecentLogin=; Max-Age=10; Expires=Fri, 19 Dec 2025 17:51:28 GMT; Path=/
Set-Cookie: RememberMe=; Max-Age=0; Expires=Thu, 01 Jan 1970 00:00:10 GMT; Path=/; HttpOnly
Cache-Control: no-store
Content-Type: text/plain
Transfer-Encoding: chunked
Date: Fri, 19 Dec 2025 17:51:18 GMT
Connection: close

Error has occurred during request processing, status code: 500 (Internal Server Error).
Details: jetbrains.buildServer.serverSide.InvalidIdentifierException: Project ID must not be empty.
Error occurred while processing this request.
]]></system-out>
  </testcase>
  <testcase name="userCreatesProjectWithMalformattedIdTest" classname="com.example.teamcity.api.ProjectTest" time="0.351">
    <system-out><![CDATA[Request method:	DELETE
Request URI:	http://172.17.0.1:8111/app/rest/users/1
Proxy:			<none>
Request params:	<none>
Query params:	<none>
Form params:	<none>
Path params:	<none>
Headers:		Accept=application/json, application/javascript, text/javascript, text/json
				Content-Type=application/json
Cookies:		<none>
Multiparts:		<none>
Body:			<none>
HTTP/1.1 404 
TeamCity-Node-Id: MAIN_SERVER
Set-Cookie: TCSESSIONID=67AE366007FA0151E048FEAD6BF761E8; Path=/; HttpOnly
Set-Cookie: RecentLogin=; Max-Age=10; Expires=Fri, 19 Dec 2025 17:51:28 GMT; Path=/
Set-Cookie: RememberMe=; Max-Age=0; Expires=Thu, 01 Jan 1970 00:00:10 GMT; Path=/; HttpOnly
Cache-Control: no-store
Content-Type: text/plain
Transfer-Encoding: chunked
Date: Fri, 19 Dec 2025 17:51:18 GMT
Keep-Alive: timeout=60
Connection: keep-alive

Responding with error, status code: 404 (Not Found).
Details: jetbrains.buildServer.server.rest.errors.NotFoundException: User not found
Could not find the entity requested. Check the reference is correct and the user has permissions to access the entity.
Request method:	POST
Request URI:	http://172.17.0.1:8111/app/rest/users
Proxy:			<none>
Request params:	<none>
Query params:	<none>
Form params:	<none>
Path params:	<none>
Headers:		Accept=application/json, application/javascript, text/javascript, text/json
				Content-Type=application/json
Cookies:		<none>
Multiparts:		<none>
Body:
{
    "id": null,
    "username": "test_XkAfpnkMLM",
    "password": "test_XyrDJxRqxP",
    "roles": {
        "role": [
            {
                "roleId": "SYSTEM_ADMIN",
                "scope": "g"
            }
        ]
    }
}
HTTP/1.1 200 
TeamCity-Node-Id: MAIN_SERVER
Set-Cookie: TCSESSIONID=B96D84981AE74C67FE44F394576817E1; Path=/; HttpOnly
Set-Cookie: RecentLogin=; Max-Age=10; Expires=Fri, 19 Dec 2025 17:51:29 GMT; Path=/
Set-Cookie: RememberMe=; Max-Age=0; Expires=Thu, 01 Jan 1970 00:00:10 GMT; Path=/; HttpOnly
Cache-Control: no-store
Content-Type: application/json
Transfer-Encoding: chunked
Date: Fri, 19 Dec 2025 17:51:19 GMT
Keep-Alive: timeout=60
Connection: keep-alive

{
    "username": "test_xkafpnkmlm",
    "id": 2,
    "href": "/app/rest/users/id:2",
    "properties": {
        "property": [
            {
                "name": "addTriggeredBuildToFavorites",
                "value": "true"
            },
            {
                "name": "plugin:vcs:anyVcs:anyVcsRoot",
                "value": "test_XkAfpnkMLM"
            },
            {
                "name": "teamcity.server.buildNumber",
                "value": "147412"
            }
        ],
        "count": 3,
        "href": "/app/rest/users/id:2/properties"
    },
    "roles": {
        "role": [
            {
                "roleId": "SYSTEM_ADMIN",
                "scope": "g",
                "href": "/app/rest/users/id:2/roles/SYSTEM_ADMIN/g"
            }
        ]
    },
    "groups": {
        "count": 1,
        "group": [
            {
                "key": "ALL_USERS_GROUP",
                "name": "All Users",
                "href": "/app/rest/userGroups/key:ALL_USERS_GROUP",
                "description": "Contains all TeamCity users"
            }
        ]
    }
}
Request method:	POST
Request URI:	http://172.17.0.1:8111/app/rest/projects
Proxy:			<none>
Request params:	<none>
Query params:	<none>
Form params:	<none>
Path params:	<none>
Headers:		Accept=application/json, application/javascript, text/javascript, text/json
				Content-Type=application/json
Cookies:		<none>
Multiparts:		<none>
Body:
{
    "id": "0test_VMrWNjduab",
    "name": "test_CByzUfIDml",
    "locator": null
}
HTTP/1.1 500 
TeamCity-Node-Id: MAIN_SERVER
Set-Cookie: TCSESSIONID=7C2A1D1E68B2D0B7051601E2AF1A9FA2; Path=/; HttpOnly
Set-Cookie: RecentLogin=; Max-Age=10; Expires=Fri, 19 Dec 2025 17:51:29 GMT; Path=/
Set-Cookie: RememberMe=; Max-Age=0; Expires=Thu, 01 Jan 1970 00:00:10 GMT; Path=/; HttpOnly
Cache-Control: no-store
Content-Type: text/plain
Transfer-Encoding: chunked
Date: Fri, 19 Dec 2025 17:51:19 GMT
Connection: close

Error has occurred during request processing, status code: 500 (Internal Server Error).
Details: jetbrains.buildServer.serverSide.InvalidIdentifierException: Project ID "0test_VMrWNjduab" is invalid: starts with non-letter character '0'. ID should start with a latin letter and contain only latin letters, digits and underscores (at most 225 characters).
Error occurred while processing this request.
]]></system-out>
  </testcase>
  <testcase name="userCreatesTwoProjectsWithTheSameIdTest" classname="com.example.teamcity.api.ProjectTest" time="1.093">
    <system-out><![CDATA[Request method:	DELETE
Request URI:	http://172.17.0.1:8111/app/rest/users/2
Proxy:			<none>
Request params:	<none>
Query params:	<none>
Form params:	<none>
Path params:	<none>
Headers:		Accept=application/json, application/javascript, text/javascript, text/json
				Content-Type=application/json
Cookies:		<none>
Multiparts:		<none>
Body:			<none>
HTTP/1.1 404 
TeamCity-Node-Id: MAIN_SERVER
Set-Cookie: TCSESSIONID=C9DE1086FCCE2550DDEBB9810BCBEC8D; Path=/; HttpOnly
Set-Cookie: RecentLogin=; Max-Age=10; Expires=Fri, 19 Dec 2025 17:51:29 GMT; Path=/
Set-Cookie: RememberMe=; Max-Age=0; Expires=Thu, 01 Jan 1970 00:00:10 GMT; Path=/; HttpOnly
Cache-Control: no-store
Content-Type: text/plain
Transfer-Encoding: chunked
Date: Fri, 19 Dec 2025 17:51:19 GMT
Keep-Alive: timeout=60
Connection: keep-alive

Responding with error, status code: 404 (Not Found).
Details: jetbrains.buildServer.server.rest.errors.NotFoundException: User not found
Could not find the entity requested. Check the reference is correct and the user has permissions to access the entity.
Request method:	POST
Request URI:	http://172.17.0.1:8111/app/rest/users
Proxy:			<none>
Request params:	<none>
Query params:	<none>
Form params:	<none>
Path params:	<none>
Headers:		Accept=application/json, application/javascript, text/javascript, text/json
				Content-Type=application/json
Cookies:		<none>
Multiparts:		<none>
Body:
{
    "id": null,
    "username": "test_YdJMDPHjwj",
    "password": "test_sJBgnHOoFM",
    "roles": {
        "role": [
            {
                "roleId": "SYSTEM_ADMIN",
                "scope": "g"
            }
        ]
    }
}
HTTP/1.1 200 
TeamCity-Node-Id: MAIN_SERVER
Set-Cookie: TCSESSIONID=91D6BE35AE3D12AB9E806439E87E66E8; Path=/; HttpOnly
Set-Cookie: RecentLogin=; Max-Age=10; Expires=Fri, 19 Dec 2025 17:51:29 GMT; Path=/
Set-Cookie: RememberMe=; Max-Age=0; Expires=Thu, 01 Jan 1970 00:00:10 GMT; Path=/; HttpOnly
Cache-Control: no-store
Content-Type: application/json
Transfer-Encoding: chunked
Date: Fri, 19 Dec 2025 17:51:19 GMT
Keep-Alive: timeout=60
Connection: keep-alive

{
    "username": "test_ydjmdphjwj",
    "id": 3,
    "href": "/app/rest/users/id:3",
    "properties": {
        "property": [
            {
                "name": "addTriggeredBuildToFavorites",
                "value": "true"
            },
            {
                "name": "plugin:vcs:anyVcs:anyVcsRoot",
                "value": "test_YdJMDPHjwj"
            },
            {
                "name": "teamcity.server.buildNumber",
                "value": "147412"
            }
        ],
        "count": 3,
        "href": "/app/rest/users/id:3/properties"
    },
    "roles": {
        "role": [
            {
                "roleId": "SYSTEM_ADMIN",
                "scope": "g",
                "href": "/app/rest/users/id:3/roles/SYSTEM_ADMIN/g"
            }
        ]
    },
    "groups": {
        "count": 1,
        "group": [
            {
                "key": "ALL_USERS_GROUP",
                "name": "All Users",
                "href": "/app/rest/userGroups/key:ALL_USERS_GROUP",
                "description": "Contains all TeamCity users"
            }
        ]
    }
}
Request method:	POST
Request URI:	http://172.17.0.1:8111/app/rest/projects
Proxy:			<none>
Request params:	<none>
Query params:	<none>
Form params:	<none>
Path params:	<none>
Headers:		Accept=application/json, application/javascript, text/javascript, text/json
				Content-Type=application/json
Cookies:		<none>
Multiparts:		<none>
Body:
{
    "id": "test_jPgGsRLxzb",
    "name": "test_IdcBnOCPPL",
    "locator": null
}
HTTP/1.1 200 
TeamCity-Node-Id: MAIN_SERVER
Set-Cookie: TCSESSIONID=13F84EAF00A2FFC3777CEA3E98B001FF; Path=/; HttpOnly
Set-Cookie: RecentLogin=; Max-Age=10; Expires=Fri, 19 Dec 2025 17:51:29 GMT; Path=/
Set-Cookie: RememberMe=; Max-Age=0; Expires=Thu, 01 Jan 1970 00:00:10 GMT; Path=/; HttpOnly
Cache-Control: no-store
Content-Type: application/json
Transfer-Encoding: chunked
Date: Fri, 19 Dec 2025 17:51:20 GMT
Keep-Alive: timeout=60
Connection: keep-alive

{
    "id": "test_jPgGsRLxzb",
    "name": "test_IdcBnOCPPL",
    "parentProjectId": "_Root",
    "virtual": false,
    "href": "/app/rest/projects/id:test_jPgGsRLxzb",
    "webUrl": "http://localhost:8111/project.html?projectId=test_jPgGsRLxzb",
    "parentProject": {
        "id": "_Root",
        "name": "<Root project>",
        "description": "Contains all other projects",
        "href": "/app/rest/projects/id:_Root",
        "webUrl": "http://localhost:8111/project.html?projectId=_Root"
    },
    "buildTypes": {
        "count": 0,
        "buildType": [
            
        ]
    },
    "templates": {
        "count": 0,
        "buildType": [
            
        ]
    },
    "deploymentDashboards": {
        "count": 0
    },
    "parameters": {
        "property": [
            
        ],
        "count": 0,
        "href": "/app/rest/projects/id:test_jPgGsRLxzb/parameters"
    },
    "vcsRoots": {
        "count": 0,
        "href": "/app/rest/vcs-roots?locator=project:(id:test_jPgGsRLxzb)"
    },
    "projectFeatures": {
        "count": 0,
        "href": "/app/rest/projects/id:test_jPgGsRLxzb/projectFeatures"
    },
    "projects": {
        "count": 0
    }
}
Request method:	POST
Request URI:	http://172.17.0.1:8111/app/rest/projects
Proxy:			<none>
Request params:	<none>
Query params:	<none>
Form params:	<none>
Path params:	<none>
Headers:		Accept=application/json, application/javascript, text/javascript, text/json
				Content-Type=application/json
Cookies:		<none>
Multiparts:		<none>
Body:
{
    "id": "test_jPgGsRLxzb",
    "name": "test_PYWOEEAqch",
    "locator": null
}
HTTP/1.1 400 
TeamCity-Node-Id: MAIN_SERVER
Set-Cookie: TCSESSIONID=1C7E42FDC44364E79C19F666D2C46551; Path=/; HttpOnly
Set-Cookie: RecentLogin=; Max-Age=10; Expires=Fri, 19 Dec 2025 17:51:30 GMT; Path=/
Set-Cookie: RememberMe=; Max-Age=0; Expires=Thu, 01 Jan 1970 00:00:10 GMT; Path=/; HttpOnly
Cache-Control: no-store
Content-Type: text/plain
Transfer-Encoding: chunked
Date: Fri, 19 Dec 2025 17:51:20 GMT
Connection: close

Responding with error, status code: 400 (Bad Request).
Details: jetbrains.buildServer.serverSide.identifiers.DuplicateExternalIdException: Project ID "test_jPgGsRLxzb" is already used by another project
Error occurred while processing this request.
]]></system-out>
  </testcase>
  <testcase name="userCreatesTwoProjectsWithTheSameNameTest" classname="com.example.teamcity.api.ProjectTest" time="0.477">
    <system-out><![CDATA[Request method:	DELETE
Request URI:	http://172.17.0.1:8111/app/rest/projects/test_jPgGsRLxzb
Proxy:			<none>
Request params:	<none>
Query params:	<none>
Form params:	<none>
Path params:	<none>
Headers:		Accept=application/json, application/javascript, text/javascript, text/json
				Content-Type=application/json
Cookies:		<none>
Multiparts:		<none>
Body:			<none>
HTTP/1.1 204 
TeamCity-Node-Id: MAIN_SERVER
Set-Cookie: TCSESSIONID=BEE44FF11542C5A694B3FAF027C6B775; Path=/; HttpOnly
Set-Cookie: RecentLogin=; Max-Age=10; Expires=Fri, 19 Dec 2025 17:51:30 GMT; Path=/
Set-Cookie: RememberMe=; Max-Age=0; Expires=Thu, 01 Jan 1970 00:00:10 GMT; Path=/; HttpOnly
Cache-Control: no-store
Date: Fri, 19 Dec 2025 17:51:20 GMT
Keep-Alive: timeout=60
Connection: keep-alive
Request method:	DELETE
Request URI:	http://172.17.0.1:8111/app/rest/users/3
Proxy:			<none>
Request params:	<none>
Query params:	<none>
Form params:	<none>
Path params:	<none>
Headers:		Accept=application/json, application/javascript, text/javascript, text/json
				Content-Type=application/json
Cookies:		<none>
Multiparts:		<none>
Body:			<none>
HTTP/1.1 404 
TeamCity-Node-Id: MAIN_SERVER
Set-Cookie: TCSESSIONID=41E39DB856B0383279E87E6BA587FF18; Path=/; HttpOnly
Set-Cookie: RecentLogin=; Max-Age=10; Expires=Fri, 19 Dec 2025 17:51:30 GMT; Path=/
Set-Cookie: RememberMe=; Max-Age=0; Expires=Thu, 01 Jan 1970 00:00:10 GMT; Path=/; HttpOnly
Cache-Control: no-store
Content-Type: text/plain
Transfer-Encoding: chunked
Date: Fri, 19 Dec 2025 17:51:20 GMT
Keep-Alive: timeout=60
Connection: keep-alive

Responding with error, status code: 404 (Not Found).
Details: jetbrains.buildServer.server.rest.errors.NotFoundException: User not found
Could not find the entity requested. Check the reference is correct and the user has permissions to access the entity.
Request method:	POST
Request URI:	http://172.17.0.1:8111/app/rest/users
Proxy:			<none>
Request params:	<none>
Query params:	<none>
Form params:	<none>
Path params:	<none>
Headers:		Accept=application/json, application/javascript, text/javascript, text/json
				Content-Type=application/json
Cookies:		<none>
Multiparts:		<none>
Body:
{
    "id": null,
    "username": "test_ohfTbJwzEQ",
    "password": "test_JpPQMykbpm",
    "roles": {
        "role": [
            {
                "roleId": "SYSTEM_ADMIN",
                "scope": "g"
            }
        ]
    }
}
HTTP/1.1 200 
TeamCity-Node-Id: MAIN_SERVER
Set-Cookie: TCSESSIONID=6F21D5A255E6D16CAB5E5F195C131C73; Path=/; HttpOnly
Set-Cookie: RecentLogin=; Max-Age=10; Expires=Fri, 19 Dec 2025 17:51:30 GMT; Path=/
Set-Cookie: RememberMe=; Max-Age=0; Expires=Thu, 01 Jan 1970 00:00:10 GMT; Path=/; HttpOnly
Cache-Control: no-store
Content-Type: application/json
Transfer-Encoding: chunked
Date: Fri, 19 Dec 2025 17:51:20 GMT
Keep-Alive: timeout=60
Connection: keep-alive

{
    "username": "test_ohftbjwzeq",
    "id": 4,
    "href": "/app/rest/users/id:4",
    "properties": {
        "property": [
            {
                "name": "addTriggeredBuildToFavorites",
                "value": "true"
            },
            {
                "name": "plugin:vcs:anyVcs:anyVcsRoot",
                "value": "test_ohfTbJwzEQ"
            },
            {
                "name": "teamcity.server.buildNumber",
                "value": "147412"
            }
        ],
        "count": 3,
        "href": "/app/rest/users/id:4/properties"
    },
    "roles": {
        "role": [
            {
                "roleId": "SYSTEM_ADMIN",
                "scope": "g",
                "href": "/app/rest/users/id:4/roles/SYSTEM_ADMIN/g"
            }
        ]
    },
    "groups": {
        "count": 1,
        "group": [
            {
                "key": "ALL_USERS_GROUP",
                "name": "All Users",
                "href": "/app/rest/userGroups/key:ALL_USERS_GROUP",
                "description": "Contains all TeamCity users"
            }
        ]
    }
}
Request method:	POST
Request URI:	http://172.17.0.1:8111/app/rest/projects
Proxy:			<none>
Request params:	<none>
Query params:	<none>
Form params:	<none>
Path params:	<none>
Headers:		Accept=application/json, application/javascript, text/javascript, text/json
				Content-Type=application/json
Cookies:		<none>
Multiparts:		<none>
Body:
{
    "id": "test_tJUxZmAuhp",
    "name": "test_zynfIDRnBE",
    "locator": null
}
HTTP/1.1 200 
TeamCity-Node-Id: MAIN_SERVER
Set-Cookie: TCSESSIONID=8FEEB35DF1BD9F3BBD2F84E056244CBF; Path=/; HttpOnly
Set-Cookie: RecentLogin=; Max-Age=10; Expires=Fri, 19 Dec 2025 17:51:31 GMT; Path=/
Set-Cookie: RememberMe=; Max-Age=0; Expires=Thu, 01 Jan 1970 00:00:10 GMT; Path=/; HttpOnly
Cache-Control: no-store
Content-Type: application/json
Transfer-Encoding: chunked
Date: Fri, 19 Dec 2025 17:51:20 GMT
Keep-Alive: timeout=60
Connection: keep-alive

{
    "id": "test_tJUxZmAuhp",
    "name": "test_zynfIDRnBE",
    "parentProjectId": "_Root",
    "virtual": false,
    "href": "/app/rest/projects/id:test_tJUxZmAuhp",
    "webUrl": "http://localhost:8111/project.html?projectId=test_tJUxZmAuhp",
    "parentProject": {
        "id": "_Root",
        "name": "<Root project>",
        "description": "Contains all other projects",
        "href": "/app/rest/projects/id:_Root",
        "webUrl": "http://localhost:8111/project.html?projectId=_Root"
    },
    "buildTypes": {
        "count": 0,
        "buildType": [
            
        ]
    },
    "templates": {
        "count": 0,
        "buildType": [
            
        ]
    },
    "deploymentDashboards": {
        "count": 0
    },
    "parameters": {
        "property": [
            
        ],
        "count": 0,
        "href": "/app/rest/projects/id:test_tJUxZmAuhp/parameters"
    },
    "vcsRoots": {
        "count": 0,
        "href": "/app/rest/vcs-roots?locator=project:(id:test_tJUxZmAuhp)"
    },
    "projectFeatures": {
        "count": 0,
        "href": "/app/rest/projects/id:test_tJUxZmAuhp/projectFeatures"
    },
    "projects": {
        "count": 0
    }
}
Request method:	POST
Request URI:	http://172.17.0.1:8111/app/rest/projects
Proxy:			<none>
Request params:	<none>
Query params:	<none>
Form params:	<none>
Path params:	<none>
Headers:		Accept=application/json, application/javascript, text/javascript, text/json
				Content-Type=application/json
Cookies:		<none>
Multiparts:		<none>
Body:
{
    "id": null,
    "name": "test_zynfIDRnBE",
    "locator": null
}
HTTP/1.1 400 
TeamCity-Node-Id: MAIN_SERVER
Set-Cookie: TCSESSIONID=4B8B1365D96F0C59CD264DE45639F39E; Path=/; HttpOnly
Set-Cookie: RecentLogin=; Max-Age=10; Expires=Fri, 19 Dec 2025 17:51:31 GMT; Path=/
Set-Cookie: RememberMe=; Max-Age=0; Expires=Thu, 01 Jan 1970 00:00:10 GMT; Path=/; HttpOnly
Cache-Control: no-store
Content-Type: text/plain
Transfer-Encoding: chunked
Date: Fri, 19 Dec 2025 17:51:20 GMT
Connection: close

Responding with error, status code: 400 (Bad Request).
Details: jetbrains.buildServer.serverSide.DuplicateProjectNameException: Project with this name already exists: test_zynfIDRnBE
Error occurred while processing this request.
]]></system-out>
  </testcase>
  <testcase name="userShouldBeAbleCreateProjectTest" classname="com.example.teamcity.api.ProjectTest" time="0.484">
    <system-out><![CDATA[Request method:	DELETE
Request URI:	http://172.17.0.1:8111/app/rest/projects/test_tJUxZmAuhp
Proxy:			<none>
Request params:	<none>
Query params:	<none>
Form params:	<none>
Path params:	<none>
Headers:		Accept=application/json, application/javascript, text/javascript, text/json
				Content-Type=application/json
Cookies:		<none>
Multiparts:		<none>
Body:			<none>
HTTP/1.1 204 
TeamCity-Node-Id: MAIN_SERVER
Set-Cookie: TCSESSIONID=D835FBD707F9FE97C9B355E3364700EB; Path=/; HttpOnly
Set-Cookie: RecentLogin=; Max-Age=10; Expires=Fri, 19 Dec 2025 17:51:31 GMT; Path=/
Set-Cookie: RememberMe=; Max-Age=0; Expires=Thu, 01 Jan 1970 00:00:10 GMT; Path=/; HttpOnly
Cache-Control: no-store
Date: Fri, 19 Dec 2025 17:51:21 GMT
Keep-Alive: timeout=60
Connection: keep-alive
Request method:	DELETE
Request URI:	http://172.17.0.1:8111/app/rest/users/4
Proxy:			<none>
Request params:	<none>
Query params:	<none>
Form params:	<none>
Path params:	<none>
Headers:		Accept=application/json, application/javascript, text/javascript, text/json
				Content-Type=application/json
Cookies:		<none>
Multiparts:		<none>
Body:			<none>
HTTP/1.1 404 
TeamCity-Node-Id: MAIN_SERVER
Set-Cookie: TCSESSIONID=CA2C44619EFB09ED84CDB067FE00EB29; Path=/; HttpOnly
Set-Cookie: RecentLogin=; Max-Age=10; Expires=Fri, 19 Dec 2025 17:51:31 GMT; Path=/
Set-Cookie: RememberMe=; Max-Age=0; Expires=Thu, 01 Jan 1970 00:00:10 GMT; Path=/; HttpOnly
Cache-Control: no-store
Content-Type: text/plain
Transfer-Encoding: chunked
Date: Fri, 19 Dec 2025 17:51:21 GMT
Keep-Alive: timeout=60
Connection: keep-alive

Responding with error, status code: 404 (Not Found).
Details: jetbrains.buildServer.server.rest.errors.NotFoundException: User not found
Could not find the entity requested. Check the reference is correct and the user has permissions to access the entity.
Request method:	POST
Request URI:	http://172.17.0.1:8111/app/rest/users
Proxy:			<none>
Request params:	<none>
Query params:	<none>
Form params:	<none>
Path params:	<none>
Headers:		Accept=application/json, application/javascript, text/javascript, text/json
				Content-Type=application/json
Cookies:		<none>
Multiparts:		<none>
Body:
{
    "id": null,
    "username": "test_wJlBtQahRZ",
    "password": "test_IRuzLHsmNk",
    "roles": {
        "role": [
            {
                "roleId": "SYSTEM_ADMIN",
                "scope": "g"
            }
        ]
    }
}
HTTP/1.1 200 
TeamCity-Node-Id: MAIN_SERVER
Set-Cookie: TCSESSIONID=83880EF4E29D09914E49F7437B5D96CA; Path=/; HttpOnly
Set-Cookie: RecentLogin=; Max-Age=10; Expires=Fri, 19 Dec 2025 17:51:31 GMT; Path=/
Set-Cookie: RememberMe=; Max-Age=0; Expires=Thu, 01 Jan 1970 00:00:10 GMT; Path=/; HttpOnly
Cache-Control: no-store
Content-Type: application/json
Transfer-Encoding: chunked
Date: Fri, 19 Dec 2025 17:51:21 GMT
Keep-Alive: timeout=60
Connection: keep-alive

{
    "username": "test_wjlbtqahrz",
    "id": 5,
    "href": "/app/rest/users/id:5",
    "properties": {
        "property": [
            {
                "name": "addTriggeredBuildToFavorites",
                "value": "true"
            },
            {
                "name": "plugin:vcs:anyVcs:anyVcsRoot",
                "value": "test_wJlBtQahRZ"
            },
            {
                "name": "teamcity.server.buildNumber",
                "value": "147412"
            }
        ],
        "count": 3,
        "href": "/app/rest/users/id:5/properties"
    },
    "roles": {
        "role": [
            {
                "roleId": "SYSTEM_ADMIN",
                "scope": "g",
                "href": "/app/rest/users/id:5/roles/SYSTEM_ADMIN/g"
            }
        ]
    },
    "groups": {
        "count": 1,
        "group": [
            {
                "key": "ALL_USERS_GROUP",
                "name": "All Users",
                "href": "/app/rest/userGroups/key:ALL_USERS_GROUP",
                "description": "Contains all TeamCity users"
            }
        ]
    }
}
Request method:	POST
Request URI:	http://172.17.0.1:8111/app/rest/projects
Proxy:			<none>
Request params:	<none>
Query params:	<none>
Form params:	<none>
Path params:	<none>
Headers:		Accept=application/json, application/javascript, text/javascript, text/json
				Content-Type=application/json
Cookies:		<none>
Multiparts:		<none>
Body:
{
    "id": "test_FTtvWHRaJe",
    "name": "test_zkqBSIBFpR",
    "locator": null
}
HTTP/1.1 200 
TeamCity-Node-Id: MAIN_SERVER
Set-Cookie: TCSESSIONID=EE89951233D7EC423A8B686CD9D98CDB; Path=/; HttpOnly
Set-Cookie: RecentLogin=; Max-Age=10; Expires=Fri, 19 Dec 2025 17:51:31 GMT; Path=/
Set-Cookie: RememberMe=; Max-Age=0; Expires=Thu, 01 Jan 1970 00:00:10 GMT; Path=/; HttpOnly
Cache-Control: no-store
Content-Type: application/json
Transfer-Encoding: chunked
Date: Fri, 19 Dec 2025 17:51:21 GMT
Keep-Alive: timeout=60
Connection: keep-alive

{
    "id": "test_FTtvWHRaJe",
    "name": "test_zkqBSIBFpR",
    "parentProjectId": "_Root",
    "virtual": false,
    "href": "/app/rest/projects/id:test_FTtvWHRaJe",
    "webUrl": "http://localhost:8111/project.html?projectId=test_FTtvWHRaJe",
    "parentProject": {
        "id": "_Root",
        "name": "<Root project>",
        "description": "Contains all other projects",
        "href": "/app/rest/projects/id:_Root",
        "webUrl": "http://localhost:8111/project.html?projectId=_Root"
    },
    "buildTypes": {
        "count": 0,
        "buildType": [
            
        ]
    },
    "templates": {
        "count": 0,
        "buildType": [
            
        ]
    },
    "deploymentDashboards": {
        "count": 0
    },
    "parameters": {
        "property": [
            
        ],
        "count": 0,
        "href": "/app/rest/projects/id:test_FTtvWHRaJe/parameters"
    },
    "vcsRoots": {
        "count": 0,
        "href": "/app/rest/vcs-roots?locator=project:(id:test_FTtvWHRaJe)"
    },
    "projectFeatures": {
        "count": 0,
        "href": "/app/rest/projects/id:test_FTtvWHRaJe/projectFeatures"
    },
    "projects": {
        "count": 0
    }
}
Request method:	GET
Request URI:	http://172.17.0.1:8111/app/rest/projects/test_FTtvWHRaJe
Proxy:			<none>
Request params:	<none>
Query params:	<none>
Form params:	<none>
Path params:	<none>
Headers:		Accept=application/json, application/javascript, text/javascript, text/json
				Content-Type=application/json
Cookies:		<none>
Multiparts:		<none>
Body:			<none>
HTTP/1.1 200 
TeamCity-Node-Id: MAIN_SERVER
Set-Cookie: TCSESSIONID=6D0453A1056A5FB610F3D77F2FDA4B46; Path=/; HttpOnly
Set-Cookie: RecentLogin=; Max-Age=10; Expires=Fri, 19 Dec 2025 17:51:32 GMT; Path=/
Set-Cookie: RememberMe=; Max-Age=0; Expires=Thu, 01 Jan 1970 00:00:10 GMT; Path=/; HttpOnly
Cache-Control: no-store
Content-Type: application/json
Transfer-Encoding: chunked
Date: Fri, 19 Dec 2025 17:51:21 GMT
Keep-Alive: timeout=60
Connection: keep-alive

{
    "id": "test_FTtvWHRaJe",
    "name": "test_zkqBSIBFpR",
    "parentProjectId": "_Root",
    "virtual": false,
    "href": "/app/rest/projects/id:test_FTtvWHRaJe",
    "webUrl": "http://localhost:8111/project.html?projectId=test_FTtvWHRaJe",
    "parentProject": {
        "id": "_Root",
        "name": "<Root project>",
        "description": "Contains all other projects",
        "href": "/app/rest/projects/id:_Root",
        "webUrl": "http://localhost:8111/project.html?projectId=_Root"
    },
    "buildTypes": {
        "count": 0,
        "buildType": [
            
        ]
    },
    "templates": {
        "count": 0,
        "buildType": [
            
        ]
    },
    "deploymentDashboards": {
        "count": 0
    },
    "parameters": {
        "property": [
            
        ],
        "count": 0,
        "href": "/app/rest/projects/id:test_FTtvWHRaJe/parameters"
    },
    "vcsRoots": {
        "count": 0,
        "href": "/app/rest/vcs-roots?locator=project:(id:test_FTtvWHRaJe)"
    },
    "projectFeatures": {
        "count": 0,
        "href": "/app/rest/projects/id:test_FTtvWHRaJe/projectFeatures"
    },
    "projects": {
        "count": 0
    }
}
]]></system-out>
  </testcase>
  <testcase name="projectAdminCreatesBuildTypeForAnotherUserProjectTest" classname="com.example.teamcity.api.BuildTypeTest" time="0.758">
    <system-out><![CDATA[Request method:	DELETE
Request URI:	http://172.17.0.1:8111/app/rest/projects/test_FTtvWHRaJe
Proxy:			<none>
Request params:	<none>
Query params:	<none>
Form params:	<none>
Path params:	<none>
Headers:		Accept=application/json, application/javascript, text/javascript, text/json
				Content-Type=application/json
Cookies:		<none>
Multiparts:		<none>
Body:			<none>
HTTP/1.1 204 
TeamCity-Node-Id: MAIN_SERVER
Set-Cookie: TCSESSIONID=A9D48250694C4228D5C6C6577B14D5A4; Path=/; HttpOnly
Set-Cookie: RecentLogin=; Max-Age=10; Expires=Fri, 19 Dec 2025 17:51:32 GMT; Path=/
Set-Cookie: RememberMe=; Max-Age=0; Expires=Thu, 01 Jan 1970 00:00:10 GMT; Path=/; HttpOnly
Cache-Control: no-store
Date: Fri, 19 Dec 2025 17:51:21 GMT
Keep-Alive: timeout=60
Connection: keep-alive
Request method:	DELETE
Request URI:	http://172.17.0.1:8111/app/rest/users/5
Proxy:			<none>
Request params:	<none>
Query params:	<none>
Form params:	<none>
Path params:	<none>
Headers:		Accept=application/json, application/javascript, text/javascript, text/json
				Content-Type=application/json
Cookies:		<none>
Multiparts:		<none>
Body:			<none>
HTTP/1.1 404 
TeamCity-Node-Id: MAIN_SERVER
Set-Cookie: TCSESSIONID=C1039FC73BD0CFBF97957A0D7EEC124B; Path=/; HttpOnly
Set-Cookie: RecentLogin=; Max-Age=10; Expires=Fri, 19 Dec 2025 17:51:32 GMT; Path=/
Set-Cookie: RememberMe=; Max-Age=0; Expires=Thu, 01 Jan 1970 00:00:10 GMT; Path=/; HttpOnly
Cache-Control: no-store
Content-Type: text/plain
Transfer-Encoding: chunked
Date: Fri, 19 Dec 2025 17:51:21 GMT
Keep-Alive: timeout=60
Connection: keep-alive

Responding with error, status code: 404 (Not Found).
Details: jetbrains.buildServer.server.rest.errors.NotFoundException: User not found
Could not find the entity requested. Check the reference is correct and the user has permissions to access the entity.
Request method:	POST
Request URI:	http://172.17.0.1:8111/app/rest/projects
Proxy:			<none>
Request params:	<none>
Query params:	<none>
Form params:	<none>
Path params:	<none>
Headers:		Accept=application/json, application/javascript, text/javascript, text/json
				Content-Type=application/json
Cookies:		<none>
Multiparts:		<none>
Body:
{
    "id": "test_EijGKFvXym",
    "name": "test_sumSewstsK",
    "locator": null
}
HTTP/1.1 200 
TeamCity-Node-Id: MAIN_SERVER
Set-Cookie: TCSESSIONID=E1E500F1BCD4C2C4572809C2DBD2455D; Path=/; HttpOnly
Set-Cookie: RecentLogin=; Max-Age=10; Expires=Fri, 19 Dec 2025 17:51:32 GMT; Path=/
Set-Cookie: RememberMe=; Max-Age=0; Expires=Thu, 01 Jan 1970 00:00:10 GMT; Path=/; HttpOnly
Cache-Control: no-store
Content-Type: application/json
Transfer-Encoding: chunked
Date: Fri, 19 Dec 2025 17:51:21 GMT
Keep-Alive: timeout=60
Connection: keep-alive

{
    "id": "test_EijGKFvXym",
    "name": "test_sumSewstsK",
    "parentProjectId": "_Root",
    "virtual": false,
    "href": "/app/rest/projects/id:test_EijGKFvXym",
    "webUrl": "http://localhost:8111/project.html?projectId=test_EijGKFvXym",
    "parentProject": {
        "id": "_Root",
        "name": "<Root project>",
        "description": "Contains all other projects",
        "href": "/app/rest/projects/id:_Root",
        "webUrl": "http://localhost:8111/project.html?projectId=_Root"
    },
    "buildTypes": {
        "count": 0,
        "buildType": [
            
        ]
    },
    "templates": {
        "count": 0,
        "buildType": [
            
        ]
    },
    "deploymentDashboards": {
        "count": 0
    },
    "parameters": {
        "property": [
            
        ],
        "count": 0,
        "href": "/app/rest/projects/id:test_EijGKFvXym/parameters"
    },
    "vcsRoots": {
        "count": 0,
        "href": "/app/rest/vcs-roots?locator=project:(id:test_EijGKFvXym)"
    },
    "projectFeatures": {
        "count": 0,
        "href": "/app/rest/projects/id:test_EijGKFvXym/projectFeatures"
    },
    "projects": {
        "count": 0
    }
}
Request method:	POST
Request URI:	http://172.17.0.1:8111/app/rest/users
Proxy:			<none>
Request params:	<none>
Query params:	<none>
Form params:	<none>
Path params:	<none>
Headers:		Accept=application/json, application/javascript, text/javascript, text/json
				Content-Type=application/json
Cookies:		<none>
Multiparts:		<none>
Body:
{
    "id": null,
    "username": "test_LXTwmAxPpo",
    "password": "test_bDEgUdpjuS",
    "roles": {
        "role": [
            {
                "roleId": "PROJECT_ADMIN",
                "scope": "p:test_EijGKFvXym"
            }
        ]
    }
}
HTTP/1.1 200 
TeamCity-Node-Id: MAIN_SERVER
Set-Cookie: TCSESSIONID=52FE92DB28F31600A0FC502C25880D38; Path=/; HttpOnly
Set-Cookie: RecentLogin=; Max-Age=10; Expires=Fri, 19 Dec 2025 17:51:32 GMT; Path=/
Set-Cookie: RememberMe=; Max-Age=0; Expires=Thu, 01 Jan 1970 00:00:10 GMT; Path=/; HttpOnly
Cache-Control: no-store
Content-Type: application/json
Transfer-Encoding: chunked
Date: Fri, 19 Dec 2025 17:51:22 GMT
Keep-Alive: timeout=60
Connection: keep-alive

{
    "username": "test_lxtwmaxppo",
    "id": 6,
    "href": "/app/rest/users/id:6",
    "properties": {
        "property": [
            {
                "name": "addTriggeredBuildToFavorites",
                "value": "true"
            },
            {
                "name": "plugin:vcs:anyVcs:anyVcsRoot",
                "value": "test_LXTwmAxPpo"
            },
            {
                "name": "teamcity.server.buildNumber",
                "value": "147412"
            }
        ],
        "count": 3,
        "href": "/app/rest/users/id:6/properties"
    },
    "roles": {
        "role": [
            {
                "roleId": "PROJECT_ADMIN",
                "scope": "p:test_EijGKFvXym",
                "href": "/app/rest/users/id:6/roles/PROJECT_ADMIN/p:test_EijGKFvXym"
            }
        ]
    },
    "groups": {
        "count": 1,
        "group": [
            {
                "key": "ALL_USERS_GROUP",
                "name": "All Users",
                "href": "/app/rest/userGroups/key:ALL_USERS_GROUP",
                "description": "Contains all TeamCity users"
            }
        ]
    }
}
Request method:	POST
Request URI:	http://172.17.0.1:8111/app/rest/projects
Proxy:			<none>
Request params:	<none>
Query params:	<none>
Form params:	<none>
Path params:	<none>
Headers:		Accept=application/json, application/javascript, text/javascript, text/json
				Content-Type=application/json
Cookies:		<none>
Multiparts:		<none>
Body:
{
    "id": "test_OxvOHLnYPO",
    "name": "test_faYPsIRrEu",
    "locator": null
}
HTTP/1.1 200 
TeamCity-Node-Id: MAIN_SERVER
Set-Cookie: TCSESSIONID=850D59A867E6C4C4165AF22A91FB230A; Path=/; HttpOnly
Set-Cookie: RecentLogin=; Max-Age=10; Expires=Fri, 19 Dec 2025 17:51:32 GMT; Path=/
Set-Cookie: RememberMe=; Max-Age=0; Expires=Thu, 01 Jan 1970 00:00:10 GMT; Path=/; HttpOnly
Cache-Control: no-store
Content-Type: application/json
Transfer-Encoding: chunked
Date: Fri, 19 Dec 2025 17:51:22 GMT
Keep-Alive: timeout=60
Connection: keep-alive

{
    "id": "test_OxvOHLnYPO",
    "name": "test_faYPsIRrEu",
    "parentProjectId": "_Root",
    "virtual": false,
    "href": "/app/rest/projects/id:test_OxvOHLnYPO",
    "webUrl": "http://localhost:8111/project.html?projectId=test_OxvOHLnYPO",
    "parentProject": {
        "id": "_Root",
        "name": "<Root project>",
        "description": "Contains all other projects",
        "href": "/app/rest/projects/id:_Root",
        "webUrl": "http://localhost:8111/project.html?projectId=_Root"
    },
    "buildTypes": {
        "count": 0,
        "buildType": [
            
        ]
    },
    "templates": {
        "count": 0,
        "buildType": [
            
        ]
    },
    "deploymentDashboards": {
        "count": 0
    },
    "parameters": {
        "property": [
            
        ],
        "count": 0,
        "href": "/app/rest/projects/id:test_OxvOHLnYPO/parameters"
    },
    "vcsRoots": {
        "count": 0,
        "href": "/app/rest/vcs-roots?locator=project:(id:test_OxvOHLnYPO)"
    },
    "projectFeatures": {
        "count": 0,
        "href": "/app/rest/projects/id:test_OxvOHLnYPO/projectFeatures"
    },
    "projects": {
        "count": 0
    }
}
Request method:	POST
Request URI:	http://172.17.0.1:8111/app/rest/users
Proxy:			<none>
Request params:	<none>
Query params:	<none>
Form params:	<none>
Path params:	<none>
Headers:		Accept=application/json, application/javascript, text/javascript, text/json
				Content-Type=application/json
Cookies:		<none>
Multiparts:		<none>
Body:
{
    "id": null,
    "username": "test_CBSDJdBmid",
    "password": "test_wilYoXRwHR",
    "roles": {
        "role": [
            {
                "roleId": "PROJECT_ADMIN",
                "scope": "p:test_OxvOHLnYPO"
            }
        ]
    }
}
HTTP/1.1 200 
TeamCity-Node-Id: MAIN_SERVER
Set-Cookie: TCSESSIONID=18BEA6D2B2A22E024ED5F1F05191070F; Path=/; HttpOnly
Set-Cookie: RecentLogin=; Max-Age=10; Expires=Fri, 19 Dec 2025 17:51:32 GMT; Path=/
Set-Cookie: RememberMe=; Max-Age=0; Expires=Thu, 01 Jan 1970 00:00:10 GMT; Path=/; HttpOnly
Cache-Control: no-store
Content-Type: application/json
Transfer-Encoding: chunked
Date: Fri, 19 Dec 2025 17:51:22 GMT
Keep-Alive: timeout=60
Connection: keep-alive

{
    "username": "test_cbsdjdbmid",
    "id": 7,
    "href": "/app/rest/users/id:7",
    "properties": {
        "property": [
            {
                "name": "addTriggeredBuildToFavorites",
                "value": "true"
            },
            {
                "name": "plugin:vcs:anyVcs:anyVcsRoot",
                "value": "test_CBSDJdBmid"
            },
            {
                "name": "teamcity.server.buildNumber",
                "value": "147412"
            }
        ],
        "count": 3,
        "href": "/app/rest/users/id:7/properties"
    },
    "roles": {
        "role": [
            {
                "roleId": "PROJECT_ADMIN",
                "scope": "p:test_OxvOHLnYPO",
                "href": "/app/rest/users/id:7/roles/PROJECT_ADMIN/p:test_OxvOHLnYPO"
            }
        ]
    },
    "groups": {
        "count": 1,
        "group": [
            {
                "key": "ALL_USERS_GROUP",
                "name": "All Users",
                "href": "/app/rest/userGroups/key:ALL_USERS_GROUP",
                "description": "Contains all TeamCity users"
            }
        ]
    }
}
Request method:	POST
Request URI:	http://172.17.0.1:8111/app/rest/buildTypes
Proxy:			<none>
Request params:	<none>
Query params:	<none>
Form params:	<none>
Path params:	<none>
Headers:		Accept=application/json, application/javascript, text/javascript, text/json
				Content-Type=application/json
Cookies:		<none>
Multiparts:		<none>
Body:
{
    "id": "test_WVtTTQtEra",
    "name": "test_dqMnqtAXrZ",
    "project": {
        "id": "test_EijGKFvXym",
        "name": "test_sumSewstsK",
        "locator": null
    },
    "steps": null
}
HTTP/1.1 403 
TeamCity-Node-Id: MAIN_SERVER
Set-Cookie: TCSESSIONID=AB2D9762CA47A75F649C3CFDEA852B22; Path=/; HttpOnly
Set-Cookie: RecentLogin=; Max-Age=10; Expires=Fri, 19 Dec 2025 17:51:32 GMT; Path=/
Set-Cookie: RememberMe=; Max-Age=0; Expires=Thu, 01 Jan 1970 00:00:10 GMT; Path=/; HttpOnly
Cache-Control: no-store
Content-Type: text/plain
Transfer-Encoding: chunked
Date: Fri, 19 Dec 2025 17:51:22 GMT
Keep-Alive: timeout=60
Connection: keep-alive

Responding with error, status code: 403 (Forbidden).
Details: jetbrains.buildServer.serverSide.auth.AccessDeniedException: You do not have enough permissions to edit project with id: test_EijGKFvXym
Access denied. Check the user has enough permissions to perform the operation.
]]></system-out>
  </testcase>
  <testcase name="projectAdminCreatesBuildTypeForTheirProjectTest" classname="com.example.teamcity.api.BuildTypeTest" time="1.184">
    <system-out><![CDATA[Request method:	DELETE
Request URI:	http://172.17.0.1:8111/app/rest/projects/test_OxvOHLnYPO
Proxy:			<none>
Request params:	<none>
Query params:	<none>
Form params:	<none>
Path params:	<none>
Headers:		Accept=application/json, application/javascript, text/javascript, text/json
				Content-Type=application/json
Cookies:		<none>
Multiparts:		<none>
Body:			<none>
HTTP/1.1 204 
TeamCity-Node-Id: MAIN_SERVER
Set-Cookie: TCSESSIONID=6F5BAA20B593901BAD88882EFE62801E; Path=/; HttpOnly
Set-Cookie: RecentLogin=; Max-Age=10; Expires=Fri, 19 Dec 2025 17:51:33 GMT; Path=/
Set-Cookie: RememberMe=; Max-Age=0; Expires=Thu, 01 Jan 1970 00:00:10 GMT; Path=/; HttpOnly
Cache-Control: no-store
Date: Fri, 19 Dec 2025 17:51:22 GMT
Keep-Alive: timeout=60
Connection: keep-alive
Request method:	DELETE
Request URI:	http://172.17.0.1:8111/app/rest/projects/test_EijGKFvXym
Proxy:			<none>
Request params:	<none>
Query params:	<none>
Form params:	<none>
Path params:	<none>
Headers:		Accept=application/json, application/javascript, text/javascript, text/json
				Content-Type=application/json
Cookies:		<none>
Multiparts:		<none>
Body:			<none>
HTTP/1.1 204 
TeamCity-Node-Id: MAIN_SERVER
Set-Cookie: TCSESSIONID=CDBEB356A01848B5BD072C8D2BDDE598; Path=/; HttpOnly
Set-Cookie: RecentLogin=; Max-Age=10; Expires=Fri, 19 Dec 2025 17:51:33 GMT; Path=/
Set-Cookie: RememberMe=; Max-Age=0; Expires=Thu, 01 Jan 1970 00:00:10 GMT; Path=/; HttpOnly
Cache-Control: no-store
Date: Fri, 19 Dec 2025 17:51:22 GMT
Keep-Alive: timeout=60
Connection: keep-alive
Request method:	DELETE
Request URI:	http://172.17.0.1:8111/app/rest/users/6
Proxy:			<none>
Request params:	<none>
Query params:	<none>
Form params:	<none>
Path params:	<none>
Headers:		Accept=application/json, application/javascript, text/javascript, text/json
				Content-Type=application/json
Cookies:		<none>
Multiparts:		<none>
Body:			<none>
HTTP/1.1 404 
TeamCity-Node-Id: MAIN_SERVER
Set-Cookie: TCSESSIONID=74A1F507C6FB26EF24266775ECABCB8C; Path=/; HttpOnly
Set-Cookie: RecentLogin=; Max-Age=10; Expires=Fri, 19 Dec 2025 17:51:33 GMT; Path=/
Set-Cookie: RememberMe=; Max-Age=0; Expires=Thu, 01 Jan 1970 00:00:10 GMT; Path=/; HttpOnly
Cache-Control: no-store
Content-Type: text/plain
Transfer-Encoding: chunked
Date: Fri, 19 Dec 2025 17:51:22 GMT
Keep-Alive: timeout=60
Connection: keep-alive

Responding with error, status code: 404 (Not Found).
Details: jetbrains.buildServer.server.rest.errors.NotFoundException: User not found
Could not find the entity requested. Check the reference is correct and the user has permissions to access the entity.
Request method:	DELETE
Request URI:	http://172.17.0.1:8111/app/rest/users/7
Proxy:			<none>
Request params:	<none>
Query params:	<none>
Form params:	<none>
Path params:	<none>
Headers:		Accept=application/json, application/javascript, text/javascript, text/json
				Content-Type=application/json
Cookies:		<none>
Multiparts:		<none>
Body:			<none>
HTTP/1.1 404 
TeamCity-Node-Id: MAIN_SERVER
Set-Cookie: TCSESSIONID=E3A2F5CFBDE4CB29FF35D2B7F53A65C4; Path=/; HttpOnly
Set-Cookie: RecentLogin=; Max-Age=10; Expires=Fri, 19 Dec 2025 17:51:33 GMT; Path=/
Set-Cookie: RememberMe=; Max-Age=0; Expires=Thu, 01 Jan 1970 00:00:10 GMT; Path=/; HttpOnly
Cache-Control: no-store
Content-Type: text/plain
Transfer-Encoding: chunked
Date: Fri, 19 Dec 2025 17:51:22 GMT
Keep-Alive: timeout=60
Connection: keep-alive

Responding with error, status code: 404 (Not Found).
Details: jetbrains.buildServer.server.rest.errors.NotFoundException: User not found
Could not find the entity requested. Check the reference is correct and the user has permissions to access the entity.
Request method:	POST
Request URI:	http://172.17.0.1:8111/app/rest/projects
Proxy:			<none>
Request params:	<none>
Query params:	<none>
Form params:	<none>
Path params:	<none>
Headers:		Accept=application/json, application/javascript, text/javascript, text/json
				Content-Type=application/json
Cookies:		<none>
Multiparts:		<none>
Body:
{
    "id": "test_rblVkTySti",
    "name": "test_okBkrjlKsU",
    "locator": null
}
HTTP/1.1 200 
TeamCity-Node-Id: MAIN_SERVER
Set-Cookie: TCSESSIONID=A708A2A5CDE8119690D1EC9915D4ADE1; Path=/; HttpOnly
Set-Cookie: RecentLogin=; Max-Age=10; Expires=Fri, 19 Dec 2025 17:51:33 GMT; Path=/
Set-Cookie: RememberMe=; Max-Age=0; Expires=Thu, 01 Jan 1970 00:00:10 GMT; Path=/; HttpOnly
Cache-Control: no-store
Content-Type: application/json
Transfer-Encoding: chunked
Date: Fri, 19 Dec 2025 17:51:22 GMT
Keep-Alive: timeout=60
Connection: keep-alive

{
    "id": "test_rblVkTySti",
    "name": "test_okBkrjlKsU",
    "parentProjectId": "_Root",
    "virtual": false,
    "href": "/app/rest/projects/id:test_rblVkTySti",
    "webUrl": "http://localhost:8111/project.html?projectId=test_rblVkTySti",
    "parentProject": {
        "id": "_Root",
        "name": "<Root project>",
        "description": "Contains all other projects",
        "href": "/app/rest/projects/id:_Root",
        "webUrl": "http://localhost:8111/project.html?projectId=_Root"
    },
    "buildTypes": {
        "count": 0,
        "buildType": [
            
        ]
    },
    "templates": {
        "count": 0,
        "buildType": [
            
        ]
    },
    "deploymentDashboards": {
        "count": 0
    },
    "parameters": {
        "property": [
            
        ],
        "count": 0,
        "href": "/app/rest/projects/id:test_rblVkTySti/parameters"
    },
    "vcsRoots": {
        "count": 0,
        "href": "/app/rest/vcs-roots?locator=project:(id:test_rblVkTySti)"
    },
    "projectFeatures": {
        "count": 0,
        "href": "/app/rest/projects/id:test_rblVkTySti/projectFeatures"
    },
    "projects": {
        "count": 0
    }
}
Request method:	POST
Request URI:	http://172.17.0.1:8111/app/rest/users
Proxy:			<none>
Request params:	<none>
Query params:	<none>
Form params:	<none>
Path params:	<none>
Headers:		Accept=application/json, application/javascript, text/javascript, text/json
				Content-Type=application/json
Cookies:		<none>
Multiparts:		<none>
Body:
{
    "id": null,
    "username": "test_KTpAyRiRpD",
    "password": "test_FwGwUSjzCi",
    "roles": {
        "role": [
            {
                "roleId": "PROJECT_ADMIN",
                "scope": "p:test_rblVkTySti"
            }
        ]
    }
}
HTTP/1.1 200 
TeamCity-Node-Id: MAIN_SERVER
Set-Cookie: TCSESSIONID=F98E1886ADBECBFA0C8313F9BD16683F; Path=/; HttpOnly
Set-Cookie: RecentLogin=; Max-Age=10; Expires=Fri, 19 Dec 2025 17:51:33 GMT; Path=/
Set-Cookie: RememberMe=; Max-Age=0; Expires=Thu, 01 Jan 1970 00:00:10 GMT; Path=/; HttpOnly
Cache-Control: no-store
Content-Type: application/json
Transfer-Encoding: chunked
Date: Fri, 19 Dec 2025 17:51:23 GMT
Keep-Alive: timeout=60
Connection: keep-alive

{
    "username": "test_ktpayrirpd",
    "id": 8,
    "href": "/app/rest/users/id:8",
    "properties": {
        "property": [
            {
                "name": "addTriggeredBuildToFavorites",
                "value": "true"
            },
            {
                "name": "plugin:vcs:anyVcs:anyVcsRoot",
                "value": "test_KTpAyRiRpD"
            },
            {
                "name": "teamcity.server.buildNumber",
                "value": "147412"
            }
        ],
        "count": 3,
        "href": "/app/rest/users/id:8/properties"
    },
    "roles": {
        "role": [
            {
                "roleId": "PROJECT_ADMIN",
                "scope": "p:test_rblVkTySti",
                "href": "/app/rest/users/id:8/roles/PROJECT_ADMIN/p:test_rblVkTySti"
            }
        ]
    },
    "groups": {
        "count": 1,
        "group": [
            {
                "key": "ALL_USERS_GROUP",
                "name": "All Users",
                "href": "/app/rest/userGroups/key:ALL_USERS_GROUP",
                "description": "Contains all TeamCity users"
            }
        ]
    }
}
Request method:	POST
Request URI:	http://172.17.0.1:8111/app/rest/buildTypes
Proxy:			<none>
Request params:	<none>
Query params:	<none>
Form params:	<none>
Path params:	<none>
Headers:		Accept=application/json, application/javascript, text/javascript, text/json
				Content-Type=application/json
Cookies:		<none>
Multiparts:		<none>
Body:
{
    "id": "test_eDSObcaXWZ",
    "name": "test_pbAUfuBZsR",
    "project": {
        "id": "test_rblVkTySti",
        "name": "test_okBkrjlKsU",
        "locator": null
    },
    "steps": null
}
HTTP/1.1 200 
TeamCity-Node-Id: MAIN_SERVER
Set-Cookie: TCSESSIONID=0516F4D1C15598E1CE0583AFF2443C0D; Path=/; HttpOnly
Set-Cookie: RecentLogin=; Max-Age=10; Expires=Fri, 19 Dec 2025 17:51:33 GMT; Path=/
Set-Cookie: RememberMe=; Max-Age=0; Expires=Thu, 01 Jan 1970 00:00:10 GMT; Path=/; HttpOnly
Cache-Control: no-store
Content-Type: application/json
Transfer-Encoding: chunked
Date: Fri, 19 Dec 2025 17:51:23 GMT
Keep-Alive: timeout=60
Connection: keep-alive

{
    "id": "test_eDSObcaXWZ",
    "name": "test_pbAUfuBZsR",
    "projectName": "test_okBkrjlKsU",
    "projectId": "test_rblVkTySti",
    "href": "/app/rest/buildTypes/id:test_eDSObcaXWZ",
    "webUrl": "http://localhost:8111/viewType.html?buildTypeId=test_eDSObcaXWZ",
    "project": {
        "id": "test_rblVkTySti",
        "name": "test_okBkrjlKsU",
        "parentProjectId": "_Root",
        "href": "/app/rest/projects/id:test_rblVkTySti",
        "webUrl": "http://localhost:8111/project.html?projectId=test_rblVkTySti"
    },
    "templates": {
        "count": 0,
        "buildType": [
            
        ]
    },
    "vcs-root-entries": {
        "count": 0,
        "vcs-root-entry": [
            
        ]
    },
    "settings": {
        "property": [
            {
                "name": "buildNumberCounter",
                "value": "1"
            }
        ],
        "count": 1
    },
    "parameters": {
        "property": [
            
        ],
        "count": 0,
        "href": "/app/rest/buildTypes/id:test_eDSObcaXWZ/parameters"
    },
    "steps": {
        "count": 0
    },
    "features": {
        "count": 0
    },
    "triggers": {
        "count": 0
    },
    "snapshot-dependencies": {
        "count": 0
    },
    "artifact-dependencies": {
        "count": 0
    },
    "agent-requirements": {
        "count": 0
    },
    "builds": {
        "href": "/app/rest/buildTypes/id:test_eDSObcaXWZ/builds/"
    },
    "investigations": {
        "href": "/app/rest/investigations?locator=buildType:(id:test_eDSObcaXWZ)"
    },
    "compatibleAgents": {
        "href": "/app/rest/agents?locator=compatible:(buildType:(id:test_eDSObcaXWZ))"
    },
    "compatibleCloudImages": {
        
    }
}
Request method:	GET
Request URI:	http://172.17.0.1:8111/app/rest/buildTypes/id%3Atest_eDSObcaXWZ
Proxy:			<none>
Request params:	<none>
Query params:	<none>
Form params:	<none>
Path params:	<none>
Headers:		Accept=application/json, application/javascript, text/javascript, text/json
				Content-Type=application/json
Cookies:		<none>
Multiparts:		<none>
Body:			<none>
HTTP/1.1 200 
TeamCity-Node-Id: MAIN_SERVER
Set-Cookie: TCSESSIONID=50CF3A9204F8F5138E5F1CE8347727D2; Path=/; HttpOnly
Set-Cookie: RecentLogin=; Max-Age=10; Expires=Fri, 19 Dec 2025 17:51:34 GMT; Path=/
Set-Cookie: RememberMe=; Max-Age=0; Expires=Thu, 01 Jan 1970 00:00:10 GMT; Path=/; HttpOnly
Cache-Control: no-store
Content-Type: application/json
Transfer-Encoding: chunked
Date: Fri, 19 Dec 2025 17:51:24 GMT
Keep-Alive: timeout=60
Connection: keep-alive

{
    "id": "test_eDSObcaXWZ",
    "name": "test_pbAUfuBZsR",
    "projectName": "test_okBkrjlKsU",
    "projectId": "test_rblVkTySti",
    "href": "/app/rest/buildTypes/id:test_eDSObcaXWZ",
    "webUrl": "http://localhost:8111/viewType.html?buildTypeId=test_eDSObcaXWZ",
    "project": {
        "id": "test_rblVkTySti",
        "name": "test_okBkrjlKsU",
        "parentProjectId": "_Root",
        "href": "/app/rest/projects/id:test_rblVkTySti",
        "webUrl": "http://localhost:8111/project.html?projectId=test_rblVkTySti"
    },
    "templates": {
        "count": 0,
        "buildType": [
            
        ]
    },
    "vcs-root-entries": {
        "count": 0,
        "vcs-root-entry": [
            
        ]
    },
    "settings": {
        "property": [
            {
                "name": "buildNumberCounter",
                "value": "1"
            }
        ],
        "count": 1
    },
    "parameters": {
        "property": [
            
        ],
        "count": 0,
        "href": "/app/rest/buildTypes/id:test_eDSObcaXWZ/parameters"
    },
    "steps": {
        "count": 0
    },
    "features": {
        "count": 0
    },
    "triggers": {
        "count": 0
    },
    "snapshot-dependencies": {
        "count": 0
    },
    "artifact-dependencies": {
        "count": 0
    },
    "agent-requirements": {
        "count": 0
    },
    "builds": {
        "href": "/app/rest/buildTypes/id:test_eDSObcaXWZ/builds/"
    },
    "investigations": {
        "href": "/app/rest/investigations?locator=buildType:(id:test_eDSObcaXWZ)"
    },
    "compatibleAgents": {
        "href": "/app/rest/agents?locator=compatible:(buildType:(id:test_eDSObcaXWZ))"
    },
    "compatibleCloudImages": {
        
    }
}
]]></system-out>
  </testcase>
  <testcase name="userCreatesBuildTypeTest" classname="com.example.teamcity.api.BuildTypeTest" time="0.455">
    <system-out><![CDATA[Request method:	DELETE
Request URI:	http://172.17.0.1:8111/app/rest/buildTypes/test_eDSObcaXWZ
Proxy:			<none>
Request params:	<none>
Query params:	<none>
Form params:	<none>
Path params:	<none>
Headers:		Accept=application/json, application/javascript, text/javascript, text/json
				Content-Type=application/json
Cookies:		<none>
Multiparts:		<none>
Body:			<none>
HTTP/1.1 204 
TeamCity-Node-Id: MAIN_SERVER
Set-Cookie: TCSESSIONID=0F90E5DBC78E8E73065E9FFAD47A9F9A; Path=/; HttpOnly
Set-Cookie: RecentLogin=; Max-Age=10; Expires=Fri, 19 Dec 2025 17:51:34 GMT; Path=/
Set-Cookie: RememberMe=; Max-Age=0; Expires=Thu, 01 Jan 1970 00:00:10 GMT; Path=/; HttpOnly
Cache-Control: no-store
Date: Fri, 19 Dec 2025 17:51:24 GMT
Keep-Alive: timeout=60
Connection: keep-alive
Request method:	DELETE
Request URI:	http://172.17.0.1:8111/app/rest/projects/test_rblVkTySti
Proxy:			<none>
Request params:	<none>
Query params:	<none>
Form params:	<none>
Path params:	<none>
Headers:		Accept=application/json, application/javascript, text/javascript, text/json
				Content-Type=application/json
Cookies:		<none>
Multiparts:		<none>
Body:			<none>
HTTP/1.1 204 
TeamCity-Node-Id: MAIN_SERVER
Set-Cookie: TCSESSIONID=E77E3FD3534BA52261204A4E6F081127; Path=/; HttpOnly
Set-Cookie: RecentLogin=; Max-Age=10; Expires=Fri, 19 Dec 2025 17:51:34 GMT; Path=/
Set-Cookie: RememberMe=; Max-Age=0; Expires=Thu, 01 Jan 1970 00:00:10 GMT; Path=/; HttpOnly
Cache-Control: no-store
Date: Fri, 19 Dec 2025 17:51:24 GMT
Keep-Alive: timeout=60
Connection: keep-alive
Request method:	DELETE
Request URI:	http://172.17.0.1:8111/app/rest/users/8
Proxy:			<none>
Request params:	<none>
Query params:	<none>
Form params:	<none>
Path params:	<none>
Headers:		Accept=application/json, application/javascript, text/javascript, text/json
				Content-Type=application/json
Cookies:		<none>
Multiparts:		<none>
Body:			<none>
HTTP/1.1 404 
TeamCity-Node-Id: MAIN_SERVER
Set-Cookie: TCSESSIONID=9B01A8168DD0E8AAE353CD8DBA5D7435; Path=/; HttpOnly
Set-Cookie: RecentLogin=; Max-Age=10; Expires=Fri, 19 Dec 2025 17:51:34 GMT; Path=/
Set-Cookie: RememberMe=; Max-Age=0; Expires=Thu, 01 Jan 1970 00:00:10 GMT; Path=/; HttpOnly
Cache-Control: no-store
Content-Type: text/plain
Transfer-Encoding: chunked
Date: Fri, 19 Dec 2025 17:51:24 GMT
Keep-Alive: timeout=60
Connection: keep-alive

Responding with error, status code: 404 (Not Found).
Details: jetbrains.buildServer.server.rest.errors.NotFoundException: User not found
Could not find the entity requested. Check the reference is correct and the user has permissions to access the entity.
Request method:	POST
Request URI:	http://172.17.0.1:8111/app/rest/users
Proxy:			<none>
Request params:	<none>
Query params:	<none>
Form params:	<none>
Path params:	<none>
Headers:		Accept=application/json, application/javascript, text/javascript, text/json
				Content-Type=application/json
Cookies:		<none>
Multiparts:		<none>
Body:
{
    "id": null,
    "username": "test_uEbOclmHdo",
    "password": "test_mAlGsrtDQD",
    "roles": {
        "role": [
            {
                "roleId": "SYSTEM_ADMIN",
                "scope": "g"
            }
        ]
    }
}
HTTP/1.1 200 
TeamCity-Node-Id: MAIN_SERVER
Set-Cookie: TCSESSIONID=D2731C9EF5ED6B06746E357C9D468FF2; Path=/; HttpOnly
Set-Cookie: RecentLogin=; Max-Age=10; Expires=Fri, 19 Dec 2025 17:51:34 GMT; Path=/
Set-Cookie: RememberMe=; Max-Age=0; Expires=Thu, 01 Jan 1970 00:00:10 GMT; Path=/; HttpOnly
Cache-Control: no-store
Content-Type: application/json
Transfer-Encoding: chunked
Date: Fri, 19 Dec 2025 17:51:24 GMT
Keep-Alive: timeout=60
Connection: keep-alive

{
    "username": "test_ueboclmhdo",
    "id": 9,
    "href": "/app/rest/users/id:9",
    "properties": {
        "property": [
            {
                "name": "addTriggeredBuildToFavorites",
                "value": "true"
            },
            {
                "name": "plugin:vcs:anyVcs:anyVcsRoot",
                "value": "test_uEbOclmHdo"
            },
            {
                "name": "teamcity.server.buildNumber",
                "value": "147412"
            }
        ],
        "count": 3,
        "href": "/app/rest/users/id:9/properties"
    },
    "roles": {
        "role": [
            {
                "roleId": "SYSTEM_ADMIN",
                "scope": "g",
                "href": "/app/rest/users/id:9/roles/SYSTEM_ADMIN/g"
            }
        ]
    },
    "groups": {
        "count": 1,
        "group": [
            {
                "key": "ALL_USERS_GROUP",
                "name": "All Users",
                "href": "/app/rest/userGroups/key:ALL_USERS_GROUP",
                "description": "Contains all TeamCity users"
            }
        ]
    }
}
Request method:	POST
Request URI:	http://172.17.0.1:8111/app/rest/projects
Proxy:			<none>
Request params:	<none>
Query params:	<none>
Form params:	<none>
Path params:	<none>
Headers:		Accept=application/json, application/javascript, text/javascript, text/json
				Content-Type=application/json
Cookies:		<none>
Multiparts:		<none>
Body:
{
    "id": "test_YhCvWhgMLW",
    "name": "test_PpfrwzXpVw",
    "locator": null
}
HTTP/1.1 200 
TeamCity-Node-Id: MAIN_SERVER
Set-Cookie: TCSESSIONID=D273F113A13C640568D298BD764D42EF; Path=/; HttpOnly
Set-Cookie: RecentLogin=; Max-Age=10; Expires=Fri, 19 Dec 2025 17:51:34 GMT; Path=/
Set-Cookie: RememberMe=; Max-Age=0; Expires=Thu, 01 Jan 1970 00:00:10 GMT; Path=/; HttpOnly
Cache-Control: no-store
Content-Type: application/json
Transfer-Encoding: chunked
Date: Fri, 19 Dec 2025 17:51:24 GMT
Keep-Alive: timeout=60
Connection: keep-alive

{
    "id": "test_YhCvWhgMLW",
    "name": "test_PpfrwzXpVw",
    "parentProjectId": "_Root",
    "virtual": false,
    "href": "/app/rest/projects/id:test_YhCvWhgMLW",
    "webUrl": "http://localhost:8111/project.html?projectId=test_YhCvWhgMLW",
    "parentProject": {
        "id": "_Root",
        "name": "<Root project>",
        "description": "Contains all other projects",
        "href": "/app/rest/projects/id:_Root",
        "webUrl": "http://localhost:8111/project.html?projectId=_Root"
    },
    "buildTypes": {
        "count": 0,
        "buildType": [
            
        ]
    },
    "templates": {
        "count": 0,
        "buildType": [
            
        ]
    },
    "deploymentDashboards": {
        "count": 0
    },
    "parameters": {
        "property": [
            
        ],
        "count": 0,
        "href": "/app/rest/projects/id:test_YhCvWhgMLW/parameters"
    },
    "vcsRoots": {
        "count": 0,
        "href": "/app/rest/vcs-roots?locator=project:(id:test_YhCvWhgMLW)"
    },
    "projectFeatures": {
        "count": 0,
        "href": "/app/rest/projects/id:test_YhCvWhgMLW/projectFeatures"
    },
    "projects": {
        "count": 0
    }
}
Request method:	POST
Request URI:	http://172.17.0.1:8111/app/rest/buildTypes
Proxy:			<none>
Request params:	<none>
Query params:	<none>
Form params:	<none>
Path params:	<none>
Headers:		Accept=application/json, application/javascript, text/javascript, text/json
				Content-Type=application/json
Cookies:		<none>
Multiparts:		<none>
Body:
{
    "id": "test_kJUedlSELu",
    "name": "test_xQAbADfnKX",
    "project": {
        "id": "test_YhCvWhgMLW",
        "name": "test_PpfrwzXpVw",
        "locator": null
    },
    "steps": null
}
HTTP/1.1 200 
TeamCity-Node-Id: MAIN_SERVER
Set-Cookie: TCSESSIONID=99C8D03086F8C9ADF6CA79FD9A5DBD6F; Path=/; HttpOnly
Set-Cookie: RecentLogin=; Max-Age=10; Expires=Fri, 19 Dec 2025 17:51:35 GMT; Path=/
Set-Cookie: RememberMe=; Max-Age=0; Expires=Thu, 01 Jan 1970 00:00:10 GMT; Path=/; HttpOnly
Cache-Control: no-store
Content-Type: application/json
Transfer-Encoding: chunked
Date: Fri, 19 Dec 2025 17:51:24 GMT
Keep-Alive: timeout=60
Connection: keep-alive

{
    "id": "test_kJUedlSELu",
    "name": "test_xQAbADfnKX",
    "projectName": "test_PpfrwzXpVw",
    "projectId": "test_YhCvWhgMLW",
    "href": "/app/rest/buildTypes/id:test_kJUedlSELu",
    "webUrl": "http://localhost:8111/viewType.html?buildTypeId=test_kJUedlSELu",
    "project": {
        "id": "test_YhCvWhgMLW",
        "name": "test_PpfrwzXpVw",
        "parentProjectId": "_Root",
        "href": "/app/rest/projects/id:test_YhCvWhgMLW",
        "webUrl": "http://localhost:8111/project.html?projectId=test_YhCvWhgMLW"
    },
    "templates": {
        "count": 0,
        "buildType": [
            
        ]
    },
    "vcs-root-entries": {
        "count": 0,
        "vcs-root-entry": [
            
        ]
    },
    "settings": {
        "property": [
            {
                "name": "buildNumberCounter",
                "value": "1"
            }
        ],
        "count": 1
    },
    "parameters": {
        "property": [
            
        ],
        "count": 0,
        "href": "/app/rest/buildTypes/id:test_kJUedlSELu/parameters"
    },
    "steps": {
        "count": 0
    },
    "features": {
        "count": 0
    },
    "triggers": {
        "count": 0
    },
    "snapshot-dependencies": {
        "count": 0
    },
    "artifact-dependencies": {
        "count": 0
    },
    "agent-requirements": {
        "count": 0
    },
    "builds": {
        "href": "/app/rest/buildTypes/id:test_kJUedlSELu/builds/"
    },
    "investigations": {
        "href": "/app/rest/investigations?locator=buildType:(id:test_kJUedlSELu)"
    },
    "compatibleAgents": {
        "href": "/app/rest/agents?locator=compatible:(buildType:(id:test_kJUedlSELu))"
    },
    "compatibleCloudImages": {
        
    }
}
Request method:	GET
Request URI:	http://172.17.0.1:8111/app/rest/buildTypes/id%3Atest_kJUedlSELu
Proxy:			<none>
Request params:	<none>
Query params:	<none>
Form params:	<none>
Path params:	<none>
Headers:		Accept=application/json, application/javascript, text/javascript, text/json
				Content-Type=application/json
Cookies:		<none>
Multiparts:		<none>
Body:			<none>
HTTP/1.1 200 
TeamCity-Node-Id: MAIN_SERVER
Set-Cookie: TCSESSIONID=3C7E51DAC89D204233BBF24E06742C4A; Path=/; HttpOnly
Set-Cookie: RecentLogin=; Max-Age=10; Expires=Fri, 19 Dec 2025 17:51:35 GMT; Path=/
Set-Cookie: RememberMe=; Max-Age=0; Expires=Thu, 01 Jan 1970 00:00:10 GMT; Path=/; HttpOnly
Cache-Control: no-store
Content-Type: application/json
Transfer-Encoding: chunked
Date: Fri, 19 Dec 2025 17:51:24 GMT
Keep-Alive: timeout=60
Connection: keep-alive

{
    "id": "test_kJUedlSELu",
    "name": "test_xQAbADfnKX",
    "projectName": "test_PpfrwzXpVw",
    "projectId": "test_YhCvWhgMLW",
    "href": "/app/rest/buildTypes/id:test_kJUedlSELu",
    "webUrl": "http://localhost:8111/viewType.html?buildTypeId=test_kJUedlSELu",
    "project": {
        "id": "test_YhCvWhgMLW",
        "name": "test_PpfrwzXpVw",
        "parentProjectId": "_Root",
        "href": "/app/rest/projects/id:test_YhCvWhgMLW",
        "webUrl": "http://localhost:8111/project.html?projectId=test_YhCvWhgMLW"
    },
    "templates": {
        "count": 0,
        "buildType": [
            
        ]
    },
    "vcs-root-entries": {
        "count": 0,
        "vcs-root-entry": [
            
        ]
    },
    "settings": {
        "property": [
            {
                "name": "buildNumberCounter",
                "value": "1"
            }
        ],
        "count": 1
    },
    "parameters": {
        "property": [
            
        ],
        "count": 0,
        "href": "/app/rest/buildTypes/id:test_kJUedlSELu/parameters"
    },
    "steps": {
        "count": 0
    },
    "features": {
        "count": 0
    },
    "triggers": {
        "count": 0
    },
    "snapshot-dependencies": {
        "count": 0
    },
    "artifact-dependencies": {
        "count": 0
    },
    "agent-requirements": {
        "count": 0
    },
    "builds": {
        "href": "/app/rest/buildTypes/id:test_kJUedlSELu/builds/"
    },
    "investigations": {
        "href": "/app/rest/investigations?locator=buildType:(id:test_kJUedlSELu)"
    },
    "compatibleAgents": {
        "href": "/app/rest/agents?locator=compatible:(buildType:(id:test_kJUedlSELu))"
    },
    "compatibleCloudImages": {
        
    }
}
]]></system-out>
  </testcase>
  <testcase name="userCreatesTwoBuildTypesWithTheSameIdTest" classname="com.example.teamcity.api.BuildTypeTest" time="0.498">
    <system-out><![CDATA[Request method:	DELETE
Request URI:	http://172.17.0.1:8111/app/rest/buildTypes/test_kJUedlSELu
Proxy:			<none>
Request params:	<none>
Query params:	<none>
Form params:	<none>
Path params:	<none>
Headers:		Accept=application/json, application/javascript, text/javascript, text/json
				Content-Type=application/json
Cookies:		<none>
Multiparts:		<none>
Body:			<none>
HTTP/1.1 204 
TeamCity-Node-Id: MAIN_SERVER
Set-Cookie: TCSESSIONID=FE3F2BF6BE3D8ADCF9F9D737CF53C948; Path=/; HttpOnly
Set-Cookie: RecentLogin=; Max-Age=10; Expires=Fri, 19 Dec 2025 17:51:35 GMT; Path=/
Set-Cookie: RememberMe=; Max-Age=0; Expires=Thu, 01 Jan 1970 00:00:10 GMT; Path=/; HttpOnly
Cache-Control: no-store
Date: Fri, 19 Dec 2025 17:51:24 GMT
Keep-Alive: timeout=60
Connection: keep-alive
Request method:	DELETE
Request URI:	http://172.17.0.1:8111/app/rest/projects/test_YhCvWhgMLW
Proxy:			<none>
Request params:	<none>
Query params:	<none>
Form params:	<none>
Path params:	<none>
Headers:		Accept=application/json, application/javascript, text/javascript, text/json
				Content-Type=application/json
Cookies:		<none>
Multiparts:		<none>
Body:			<none>
HTTP/1.1 204 
TeamCity-Node-Id: MAIN_SERVER
Set-Cookie: TCSESSIONID=4E55243837A7CFEA319287903FFBF9D7; Path=/; HttpOnly
Set-Cookie: RecentLogin=; Max-Age=10; Expires=Fri, 19 Dec 2025 17:51:35 GMT; Path=/
Set-Cookie: RememberMe=; Max-Age=0; Expires=Thu, 01 Jan 1970 00:00:10 GMT; Path=/; HttpOnly
Cache-Control: no-store
Date: Fri, 19 Dec 2025 17:51:24 GMT
Keep-Alive: timeout=60
Connection: keep-alive
Request method:	DELETE
Request URI:	http://172.17.0.1:8111/app/rest/users/9
Proxy:			<none>
Request params:	<none>
Query params:	<none>
Form params:	<none>
Path params:	<none>
Headers:		Accept=application/json, application/javascript, text/javascript, text/json
				Content-Type=application/json
Cookies:		<none>
Multiparts:		<none>
Body:			<none>
HTTP/1.1 404 
TeamCity-Node-Id: MAIN_SERVER
Set-Cookie: TCSESSIONID=9346787FF3646DBD2985840FF0D4BDAB; Path=/; HttpOnly
Set-Cookie: RecentLogin=; Max-Age=10; Expires=Fri, 19 Dec 2025 17:51:35 GMT; Path=/
Set-Cookie: RememberMe=; Max-Age=0; Expires=Thu, 01 Jan 1970 00:00:10 GMT; Path=/; HttpOnly
Cache-Control: no-store
Content-Type: text/plain
Transfer-Encoding: chunked
Date: Fri, 19 Dec 2025 17:51:24 GMT
Keep-Alive: timeout=60
Connection: keep-alive

Responding with error, status code: 404 (Not Found).
Details: jetbrains.buildServer.server.rest.errors.NotFoundException: User not found
Could not find the entity requested. Check the reference is correct and the user has permissions to access the entity.
Request method:	POST
Request URI:	http://172.17.0.1:8111/app/rest/users
Proxy:			<none>
Request params:	<none>
Query params:	<none>
Form params:	<none>
Path params:	<none>
Headers:		Accept=application/json, application/javascript, text/javascript, text/json
				Content-Type=application/json
Cookies:		<none>
Multiparts:		<none>
Body:
{
    "id": null,
    "username": "test_zMKEMVebVq",
    "password": "test_rMziOeRFIt",
    "roles": {
        "role": [
            {
                "roleId": "SYSTEM_ADMIN",
                "scope": "g"
            }
        ]
    }
}
HTTP/1.1 200 
TeamCity-Node-Id: MAIN_SERVER
Set-Cookie: TCSESSIONID=B1E17CD36B9CBD9C00950B25CD720D27; Path=/; HttpOnly
Set-Cookie: RecentLogin=; Max-Age=10; Expires=Fri, 19 Dec 2025 17:51:35 GMT; Path=/
Set-Cookie: RememberMe=; Max-Age=0; Expires=Thu, 01 Jan 1970 00:00:10 GMT; Path=/; HttpOnly
Cache-Control: no-store
Content-Type: application/json
Transfer-Encoding: chunked
Date: Fri, 19 Dec 2025 17:51:25 GMT
Keep-Alive: timeout=60
Connection: keep-alive

{
    "username": "test_zmkemvebvq",
    "id": 10,
    "href": "/app/rest/users/id:10",
    "properties": {
        "property": [
            {
                "name": "addTriggeredBuildToFavorites",
                "value": "true"
            },
            {
                "name": "plugin:vcs:anyVcs:anyVcsRoot",
                "value": "test_zMKEMVebVq"
            },
            {
                "name": "teamcity.server.buildNumber",
                "value": "147412"
            }
        ],
        "count": 3,
        "href": "/app/rest/users/id:10/properties"
    },
    "roles": {
        "role": [
            {
                "roleId": "SYSTEM_ADMIN",
                "scope": "g",
                "href": "/app/rest/users/id:10/roles/SYSTEM_ADMIN/g"
            }
        ]
    },
    "groups": {
        "count": 1,
        "group": [
            {
                "key": "ALL_USERS_GROUP",
                "name": "All Users",
                "href": "/app/rest/userGroups/key:ALL_USERS_GROUP",
                "description": "Contains all TeamCity users"
            }
        ]
    }
}
Request method:	POST
Request URI:	http://172.17.0.1:8111/app/rest/projects
Proxy:			<none>
Request params:	<none>
Query params:	<none>
Form params:	<none>
Path params:	<none>
Headers:		Accept=application/json, application/javascript, text/javascript, text/json
				Content-Type=application/json
Cookies:		<none>
Multiparts:		<none>
Body:
{
    "id": "test_ohBLcNedTj",
    "name": "test_hbTXEoDMlI",
    "locator": null
}
HTTP/1.1 200 
TeamCity-Node-Id: MAIN_SERVER
Set-Cookie: TCSESSIONID=5908A7720AF7E159A0275DDF3918E87E; Path=/; HttpOnly
Set-Cookie: RecentLogin=; Max-Age=10; Expires=Fri, 19 Dec 2025 17:51:35 GMT; Path=/
Set-Cookie: RememberMe=; Max-Age=0; Expires=Thu, 01 Jan 1970 00:00:10 GMT; Path=/; HttpOnly
Cache-Control: no-store
Content-Type: application/json
Transfer-Encoding: chunked
Date: Fri, 19 Dec 2025 17:51:25 GMT
Keep-Alive: timeout=60
Connection: keep-alive

{
    "id": "test_ohBLcNedTj",
    "name": "test_hbTXEoDMlI",
    "parentProjectId": "_Root",
    "virtual": false,
    "href": "/app/rest/projects/id:test_ohBLcNedTj",
    "webUrl": "http://localhost:8111/project.html?projectId=test_ohBLcNedTj",
    "parentProject": {
        "id": "_Root",
        "name": "<Root project>",
        "description": "Contains all other projects",
        "href": "/app/rest/projects/id:_Root",
        "webUrl": "http://localhost:8111/project.html?projectId=_Root"
    },
    "buildTypes": {
        "count": 0,
        "buildType": [
            
        ]
    },
    "templates": {
        "count": 0,
        "buildType": [
            
        ]
    },
    "deploymentDashboards": {
        "count": 0
    },
    "parameters": {
        "property": [
            
        ],
        "count": 0,
        "href": "/app/rest/projects/id:test_ohBLcNedTj/parameters"
    },
    "vcsRoots": {
        "count": 0,
        "href": "/app/rest/vcs-roots?locator=project:(id:test_ohBLcNedTj)"
    },
    "projectFeatures": {
        "count": 0,
        "href": "/app/rest/projects/id:test_ohBLcNedTj/projectFeatures"
    },
    "projects": {
        "count": 0
    }
}
Request method:	POST
Request URI:	http://172.17.0.1:8111/app/rest/buildTypes
Proxy:			<none>
Request params:	<none>
Query params:	<none>
Form params:	<none>
Path params:	<none>
Headers:		Accept=application/json, application/javascript, text/javascript, text/json
				Content-Type=application/json
Cookies:		<none>
Multiparts:		<none>
Body:
{
    "id": "test_zzcqeSfBVb",
    "name": "test_goFrZQmOGR",
    "project": {
        "id": "test_ohBLcNedTj",
        "name": "test_hbTXEoDMlI",
        "locator": null
    },
    "steps": null
}
HTTP/1.1 200 
TeamCity-Node-Id: MAIN_SERVER
Set-Cookie: TCSESSIONID=0675E9E48C6AEF7BF78412E78848B34E; Path=/; HttpOnly
Set-Cookie: RecentLogin=; Max-Age=10; Expires=Fri, 19 Dec 2025 17:51:35 GMT; Path=/
Set-Cookie: RememberMe=; Max-Age=0; Expires=Thu, 01 Jan 1970 00:00:10 GMT; Path=/; HttpOnly
Cache-Control: no-store
Content-Type: application/json
Transfer-Encoding: chunked
Date: Fri, 19 Dec 2025 17:51:25 GMT
Keep-Alive: timeout=60
Connection: keep-alive

{
    "id": "test_zzcqeSfBVb",
    "name": "test_goFrZQmOGR",
    "projectName": "test_hbTXEoDMlI",
    "projectId": "test_ohBLcNedTj",
    "href": "/app/rest/buildTypes/id:test_zzcqeSfBVb",
    "webUrl": "http://localhost:8111/viewType.html?buildTypeId=test_zzcqeSfBVb",
    "project": {
        "id": "test_ohBLcNedTj",
        "name": "test_hbTXEoDMlI",
        "parentProjectId": "_Root",
        "href": "/app/rest/projects/id:test_ohBLcNedTj",
        "webUrl": "http://localhost:8111/project.html?projectId=test_ohBLcNedTj"
    },
    "templates": {
        "count": 0,
        "buildType": [
            
        ]
    },
    "vcs-root-entries": {
        "count": 0,
        "vcs-root-entry": [
            
        ]
    },
    "settings": {
        "property": [
            {
                "name": "buildNumberCounter",
                "value": "1"
            }
        ],
        "count": 1
    },
    "parameters": {
        "property": [
            
        ],
        "count": 0,
        "href": "/app/rest/buildTypes/id:test_zzcqeSfBVb/parameters"
    },
    "steps": {
        "count": 0
    },
    "features": {
        "count": 0
    },
    "triggers": {
        "count": 0
    },
    "snapshot-dependencies": {
        "count": 0
    },
    "artifact-dependencies": {
        "count": 0
    },
    "agent-requirements": {
        "count": 0
    },
    "builds": {
        "href": "/app/rest/buildTypes/id:test_zzcqeSfBVb/builds/"
    },
    "investigations": {
        "href": "/app/rest/investigations?locator=buildType:(id:test_zzcqeSfBVb)"
    },
    "compatibleAgents": {
        "href": "/app/rest/agents?locator=compatible:(buildType:(id:test_zzcqeSfBVb))"
    },
    "compatibleCloudImages": {
        
    }
}
Request method:	POST
Request URI:	http://172.17.0.1:8111/app/rest/buildTypes
Proxy:			<none>
Request params:	<none>
Query params:	<none>
Form params:	<none>
Path params:	<none>
Headers:		Accept=application/json, application/javascript, text/javascript, text/json
				Content-Type=application/json
Cookies:		<none>
Multiparts:		<none>
Body:
{
    "id": "test_zzcqeSfBVb",
    "name": "test_hZFbrEgsRa",
    "project": {
        "id": "test_ohBLcNedTj",
        "name": "test_hbTXEoDMlI",
        "locator": null
    },
    "steps": null
}
HTTP/1.1 400 
TeamCity-Node-Id: MAIN_SERVER
Set-Cookie: TCSESSIONID=1D5A1F62E0980881554310C0EE66F65E; Path=/; HttpOnly
Set-Cookie: RecentLogin=; Max-Age=10; Expires=Fri, 19 Dec 2025 17:51:35 GMT; Path=/
Set-Cookie: RememberMe=; Max-Age=0; Expires=Thu, 01 Jan 1970 00:00:10 GMT; Path=/; HttpOnly
Cache-Control: no-store
Content-Type: text/plain
Transfer-Encoding: chunked
Date: Fri, 19 Dec 2025 17:51:25 GMT
Connection: close

Responding with error, status code: 400 (Bad Request).
Details: jetbrains.buildServer.serverSide.identifiers.DuplicateExternalIdException: The build configuration / template ID "test_zzcqeSfBVb" is already used by another configuration or template
Error occurred while processing this request.
]]></system-out>
  </testcase>
</testsuite>