<?xml version="1.0" encoding="UTF-8"?>
<testsuite xmlns:xsi="http://www.w3.org/2001/XMLSchema-instance" xsi:noNamespaceSchemaLocation="https://maven.apache.org/surefire/maven-surefire-plugin/xsd/surefire-test-report-3.0.xsd" version="3.0" name="com.example.teamcity.ui.SetupServerTest" time="52.321" tests="1" errors="0" skipped="0" failures="0">
  <properties>
[...]
</properties>
  <testcase name="setupTeamCityServerTest" classname="com.example.teamcity.ui.SetupServerTest" time="51.061">
    <system-out><![CDATA[17:49:36.494 [main] DEBUG com.codeborne.selenide.impl.CiReportUrl - Variable selenide.reportsUrl not found
17:49:36.637 [main] DEBUG com.codeborne.selenide.impl.Plugins - Using default implementation of com.codeborne.selenide.impl.Photographer: com.codeborne.selenide.impl.WebdriverPhotographer
17:49:36.640 [main] DEBUG com.codeborne.selenide.impl.Plugins - Using default implementation of com.codeborne.selenide.impl.PageSourceExtractor: com.codeborne.selenide.impl.WebPageSourceExtractor
17:49:36.644 [main] DEBUG com.codeborne.selenide.impl.Plugins - Using default implementation of com.codeborne.selenide.impl.PageObjectFactory: com.codeborne.selenide.impl.SelenidePageFactory
17:49:36.648 [main] INFO com.codeborne.selenide.impl.WebDriverThreadLocalContainer - No webdriver is bound to current thread: 1 - let's create a new webdriver
17:49:36.654 [main] DEBUG com.codeborne.selenide.drivercommands.CreateDriverCommand - Creating webdriver in thread 1 (ip: 10.1.0.164, host: runnervmh13bl)...
17:49:36.654 [main] DEBUG com.codeborne.selenide.webdriver.WebDriverFactory - browser=chrome
17:49:36.654 [main] DEBUG com.codeborne.selenide.webdriver.WebDriverFactory - browser.version=null
17:49:36.654 [main] DEBUG com.codeborne.selenide.webdriver.WebDriverFactory - remote=http://localhost:4444/wd/hub
17:49:36.654 [main] DEBUG com.codeborne.selenide.webdriver.WebDriverFactory - browserSize=1920x1080
17:49:36.661 [main] DEBUG com.codeborne.selenide.webdriver.AbstractChromiumDriverFactory - Using chromium preferences: {credentials_enable_service=false, autofill.credit_card_enabled=false, autofill.profile_enabled=false, safebrowsing.enabled=true, plugins.always_open_pdf_externally=true, profile.default_content_setting_values.automatic_downloads=1, profile.password_manager_enabled=false, profile.password_manager_leak_detection=false}
17:49:37.783 [main] INFO com.codeborne.selenide.webdriver.WebDriverFactory - BrowserName=chrome Version=122.0.6261.94 Platform=linux
17:49:37.783 [main] INFO com.codeborne.selenide.webdriver.WebDriverFactory - Selenide v. 7.4.3
17:49:37.783 [main] INFO com.codeborne.selenide.webdriver.WebDriverFactory - Selenium WebDriver v. 4.24.0 build revision: 748ffc9bc3
17:49:37.783 [main] INFO com.codeborne.selenide.drivercommands.CreateDriverCommand - Created webdriver in thread 1: RemoteWebDriver -> RemoteWebDriver: chrome on linux (f2029f655f08f005ff0685ec6c80ffd2), downloadsFolder: null
17:49:37.785 [main] INFO com.codeborne.selenide.drivercommands.DisposablesRegistry - Register WebDriverInstance[config=StaticConfig, webDriver=RemoteWebDriver: chrome on linux (f2029f655f08f005ff0685ec6c80ffd2), proxy=null, downloadsFolder=null] in 1 [size=1]
17:49:37.791 [main] INFO com.codeborne.selenide.drivercommands.DisposablesRegistry - Add shutdown hook in 1 [size=1]
17:49:38.350 [main] DEBUG com.codeborne.selenide.impl.Plugins - Using default implementation of com.codeborne.selenide.impl.WebElementSelector: com.codeborne.selenide.impl.WebElementSelector
17:49:38.352 [main] DEBUG com.codeborne.selenide.impl.Plugins - Using default implementation of com.codeborne.selenide.impl.ElementDescriber: com.codeborne.selenide.impl.SelenideElementDescriber
17:49:38.388 [main] DEBUG com.codeborne.selenide.impl.Plugins - Using default implementation of com.codeborne.selenide.commands.Clear: com.codeborne.selenide.commands.Clear
17:49:38.407 [main] DEBUG com.codeborne.selenide.impl.Plugins - Using default implementation of com.codeborne.selenide.impl.DownloadFileToFolder: com.codeborne.selenide.impl.DownloadFileToFolder
17:49:38.409 [main] DEBUG com.codeborne.selenide.impl.Plugins - Using default implementation of com.codeborne.selenide.impl.DownloadFileWithCdp: com.codeborne.selenide.impl.DownloadFileWithCdp
17:49:38.411 [main] DEBUG com.codeborne.selenide.impl.Plugins - Using default implementation of com.codeborne.selenide.commands.Commands: com.codeborne.selenide.commands.Commands
17:49:38.558 [main] DEBUG com.codeborne.selenide.impl.Plugins - Using default implementation of com.codeborne.selenide.ex.ErrorFormatter: com.codeborne.selenide.ex.SelenideErrorFormatter
]]></system-out>
  </testcase>
</testsuite>