<?xml version="1.0" encoding="UTF-8"?>
<!-- Generated by org.testng.reporters.JUnitReportReporter -->
<testsuite hostname="runnervmh13bl" failures="0" tests="2" name="com.example.teamcity.ui.CreateBuildTest" time="69.002" errors="0" timestamp="2025-12-19T17:52:12 UTC" skipped="0">
  <testcase classname="com.example.teamcity.ui.CreateBuildTest" name="userCreatesBuildConfiguration" time="55.948"/>
  <testcase classname="com.example.teamcity.ui.CreateBuildTest" name="userCreatesBuildConfigurationWithoutProject" time="13.054"/>
</testsuite> <!-- com.example.teamcity.ui.CreateBuildTest -->
