<?xml version="1.0" encoding="UTF-8"?>
<!-- Generated by org.testng.reporters.JUnitReportReporter -->
<testsuite hostname="runnervmh13bl" failures="0" tests="2" name="com.example.teamcity.ui.CreateProjectTest" time="25.808" errors="0" timestamp="2025-12-19T17:52:12 UTC" skipped="0">
  <testcase classname="com.example.teamcity.ui.CreateProjectTest" name="userCreatesProject" time="15.123"/>
  <testcase classname="com.example.teamcity.ui.CreateProjectTest" name="userCreatesProjectWithoutName" time="10.685"/>
</testsuite> <!-- com.example.teamcity.ui.CreateProjectTest -->
