<?xml version="1.0" encoding="UTF-8"?>
<!-- Generated by org.testng.reporters.JUnitReportReporter -->
<testsuite hostname="runnervmh13bl" failures="0" tests="5" name="com.example.teamcity.api.ProjectTest" time="4.511" errors="0" timestamp="2025-12-19T17:51:26 UTC" skipped="0">
  <testcase classname="com.example.teamcity.api.ProjectTest" name="userCreatesTwoProjectsWithTheSameIdTest" time="1.233"/>
  <testcase classname="com.example.teamcity.api.ProjectTest" name="userCreatesTwoProjectsWithTheSameNameTest" time="0.624"/>
  <testcase classname="com.example.teamcity.api.ProjectTest" name="userCreatesProjectWithEmptyIdTest" time="1.341"/>
  <testcase classname="com.example.teamcity.api.ProjectTest" name="userCreatesProjectWithMalformattedIdTest" time="0.654"/>
  <testcase classname="com.example.teamcity.api.ProjectTest" name="userShouldBeAbleCreateProjectTest" time="0.659"/>
</testsuite> <!-- com.example.teamcity.api.ProjectTest -->
