<?xml version="1.0" encoding="UTF-8"?>
<!-- Generated by org.testng.reporters.JUnitReportReporter -->
<testsuite hostname="runnervmh13bl" failures="0" tests="4" name="com.example.teamcity.api.BuildTypeTest" time="3.935" errors="0" timestamp="2025-12-19T17:51:26 UTC" skipped="0">
  <testcase classname="com.example.teamcity.api.BuildTypeTest" name="userCreatesBuildTypeTest" time="0.719"/>
  <testcase classname="com.example.teamcity.api.BuildTypeTest" name="projectAdminCreatesBuildTypeForTheirProjectTest" time="1.437"/>
  <testcase classname="com.example.teamcity.api.BuildTypeTest" name="userCreatesTwoBuildTypesWithTheSameIdTest" time="0.715"/>
  <testcase classname="com.example.teamcity.api.BuildTypeTest" name="projectAdminCreatesBuildTypeForAnotherUserProjectTest" time="1.064"/>
</testsuite> <!-- com.example.teamcity.api.BuildTypeTest -->
